Start testing: Nov 04 11:41 CET
----------------------------------------------------------
1/1 Testing: boostUnitTestsRun
1/1 Test: boostUnitTestsRun
Command: "/home/mion/s/143/msieczko/Desktop/Liniowe/Debug/tests/aisdiLinearTests"
Directory: /home/mion/s/143/msieczko/Desktop/Liniowe/Debug/tests
"boostUnitTestsRun" start time: Nov 04 11:41 CET
Output:
----------------------------------------------------------
Running 2 test cases...
Moj test Vector!!!!!!!!!!!!!!!!!!!!!!!!
Moj test List!!!!!!!!!!!!!!!!!!!!!!!!

*** No errors detected
<end of output>
Test time =   0.01 sec
----------------------------------------------------------
Test Passed.
"boostUnitTestsRun" end time: Nov 04 11:41 CET
"boostUnitTestsRun" time elapsed: 00:00:00
----------------------------------------------------------

End testing: Nov 04 11:41 CET
