Start testing: Nov 04 11:00 CET
----------------------------------------------------------
1/1 Testing: boostUnitTestsRun
1/1 Test: boostUnitTestsRun
Command: "/home/mion/s/143/msieczko/Desktop/Liniowe/Debug/tests/aisdiLinearTests"
Directory: /home/mion/s/143/msieczko/Desktop/Liniowe/Debug/tests
"boostUnitTestsRun" start time: Nov 04 11:00 CET
Output:
----------------------------------------------------------
Running 372 test cases...
unknown location(0): fatal error in "GivenCollection_WhenCreatedWithDefaultConstructor_ThenItIsEmpty<i>": std::runtime_error: TODO
/home/mion/s/143/msieczko/Desktop/Liniowe/tests/VectorTests.cpp(36): last checkpoint
unknown location(0): fatal error in "GivenCollection_WhenCreatedWithDefaultConstructor_ThenItIsEmpty<m>": std::runtime_error: TODO
/home/mion/s/143/msieczko/Desktop/Liniowe/tests/VectorTests.cpp(36): last checkpoint
unknown location(0): fatal error in "GivenCollection_WhenCreatedWithDefaultConstructor_ThenItIsEmpty<St7complexIiE>": std::runtime_error: TODO
/home/mion/s/143/msieczko/Desktop/Liniowe/tests/VectorTests.cpp(36): last checkpoint
unknown location(0): fatal error in "GivenEmptyCollection_WhenAddingItem_ThenItIsNoLongerEmpty<i>": std::runtime_error: TODO
/home/mion/s/143/msieczko/Desktop/Liniowe/tests/VectorTests.cpp(36): last checkpoint
unknown location(0): fatal error in "GivenEmptyCollection_WhenAddingItem_ThenItIsNoLongerEmpty<m>": std::runtime_error: TODO
/home/mion/s/143/msieczko/Desktop/Liniowe/tests/VectorTests.cpp(36): last checkpoint
unknown location(0): fatal error in "GivenEmptyCollection_WhenAddingItem_ThenItIsNoLongerEmpty<St7complexIiE>": std::runtime_error: TODO
/home/mion/s/143/msieczko/Desktop/Liniowe/tests/VectorTests.cpp(36): last checkpoint
unknown location(0): fatal error in "GivenEmptyCollection_WhenGettingIterators_ThenBeginEqualsEnd<i>": std::runtime_error: TODO
/home/mion/s/143/msieczko/Desktop/Liniowe/tests/VectorTests.cpp(56): last checkpoint
unknown location(0): fatal error in "GivenEmptyCollection_WhenGettingIterators_ThenBeginEqualsEnd<m>": std::runtime_error: TODO
/home/mion/s/143/msieczko/Desktop/Liniowe/tests/VectorTests.cpp(56): last checkpoint
unknown location(0): fatal error in "GivenEmptyCollection_WhenGettingIterators_ThenBeginEqualsEnd<St7complexIiE>": std::runtime_error: TODO
/home/mion/s/143/msieczko/Desktop/Liniowe/tests/VectorTests.cpp(56): last checkpoint
unknown location(0): fatal error in "GivenNonEmptyCollection_WhenGettingIterator_ThenBeginIsNotEnd<i>": std::runtime_error: TODO
/home/mion/s/143/msieczko/Desktop/Liniowe/tests/VectorTests.cpp(56): last checkpoint
unknown location(0): fatal error in "GivenNonEmptyCollection_WhenGettingIterator_ThenBeginIsNotEnd<m>": std::runtime_error: TODO
/home/mion/s/143/msieczko/Desktop/Liniowe/tests/VectorTests.cpp(56): last checkpoint
unknown location(0): fatal error in "GivenNonEmptyCollection_WhenGettingIterator_ThenBeginIsNotEnd<St7complexIiE>": std::runtime_error: TODO
/home/mion/s/143/msieczko/Desktop/Liniowe/tests/VectorTests.cpp(56): last checkpoint
unknown location(0): fatal error in "GivenCollectionWithOneElement_WhenIterating_ThenElementIsReturned<i>": std::runtime_error: TODO
/home/mion/s/143/msieczko/Desktop/Liniowe/tests/VectorTests.cpp(56): last checkpoint
unknown location(0): fatal error in "GivenCollectionWithOneElement_WhenIterating_ThenElementIsReturned<m>": std::runtime_error: TODO
/home/mion/s/143/msieczko/Desktop/Liniowe/tests/VectorTests.cpp(56): last checkpoint
unknown location(0): fatal error in "GivenCollectionWithOneElement_WhenIterating_ThenElementIsReturned<St7complexIiE>": std::runtime_error: TODO
/home/mion/s/143/msieczko/Desktop/Liniowe/tests/VectorTests.cpp(56): last checkpoint
unknown location(0): fatal error in "GivenIterator_WhenPostIncrementing_ThenPreviousPositionIsReturned<i>": std::runtime_error: TODO
/home/mion/s/143/msieczko/Desktop/Liniowe/tests/VectorTests.cpp(56): last checkpoint
unknown location(0): fatal error in "GivenIterator_WhenPostIncrementing_ThenPreviousPositionIsReturned<m>": std::runtime_error: TODO
/home/mion/s/143/msieczko/Desktop/Liniowe/tests/VectorTests.cpp(56): last checkpoint
unknown location(0): fatal error in "GivenIterator_WhenPostIncrementing_ThenPreviousPositionIsReturned<St7complexIiE>": std::runtime_error: TODO
/home/mion/s/143/msieczko/Desktop/Liniowe/tests/VectorTests.cpp(56): last checkpoint
unknown location(0): fatal error in "GivenIterator_WhenPreIncrementing_ThenNewPositionIsReturned<i>": std::runtime_error: TODO
/home/mion/s/143/msieczko/Desktop/Liniowe/tests/VectorTests.cpp(56): last checkpoint
unknown location(0): fatal error in "GivenIterator_WhenPreIncrementing_ThenNewPositionIsReturned<m>": std::runtime_error: TODO
/home/mion/s/143/msieczko/Desktop/Liniowe/tests/VectorTests.cpp(56): last checkpoint
unknown location(0): fatal error in "GivenIterator_WhenPreIncrementing_ThenNewPositionIsReturned<St7complexIiE>": std::runtime_error: TODO
/home/mion/s/143/msieczko/Desktop/Liniowe/tests/VectorTests.cpp(56): last checkpoint
unknown location(0): fatal error in "GivenEndIterator_WhenIncrementing_ThenOperationThrows<i>": std::runtime_error: TODO
/home/mion/s/143/msieczko/Desktop/Liniowe/tests/VectorTests.cpp(120): last checkpoint
unknown location(0): fatal error in "GivenEndIterator_WhenIncrementing_ThenOperationThrows<m>": std::runtime_error: TODO
/home/mion/s/143/msieczko/Desktop/Liniowe/tests/VectorTests.cpp(120): last checkpoint
unknown location(0): fatal error in "GivenEndIterator_WhenIncrementing_ThenOperationThrows<St7complexIiE>": std::runtime_error: TODO
/home/mion/s/143/msieczko/Desktop/Liniowe/tests/VectorTests.cpp(120): last checkpoint
unknown location(0): fatal error in "GivenEndIterator_WhenDecrementing_ThenIteratorPointsToLastItem<i>": std::runtime_error: TODO
/home/mion/s/143/msieczko/Desktop/Liniowe/tests/VectorTests.cpp(120): last checkpoint
unknown location(0): fatal error in "GivenEndIterator_WhenDecrementing_ThenIteratorPointsToLastItem<m>": std::runtime_error: TODO
/home/mion/s/143/msieczko/Desktop/Liniowe/tests/VectorTests.cpp(120): last checkpoint
unknown location(0): fatal error in "GivenEndIterator_WhenDecrementing_ThenIteratorPointsToLastItem<St7complexIiE>": std::runtime_error: TODO
/home/mion/s/143/msieczko/Desktop/Liniowe/tests/VectorTests.cpp(120): last checkpoint
unknown location(0): fatal error in "GivenIterator_WhenPreDecrementing_ThenNewIteratorValueIsReturned<i>": std::runtime_error: TODO
/home/mion/s/143/msieczko/Desktop/Liniowe/tests/VectorTests.cpp(120): last checkpoint
unknown location(0): fatal error in "GivenIterator_WhenPreDecrementing_ThenNewIteratorValueIsReturned<m>": std::runtime_error: TODO
/home/mion/s/143/msieczko/Desktop/Liniowe/tests/VectorTests.cpp(120): last checkpoint
unknown location(0): fatal error in "GivenIterator_WhenPreDecrementing_ThenNewIteratorValueIsReturned<St7complexIiE>": std::runtime_error: TODO
/home/mion/s/143/msieczko/Desktop/Liniowe/tests/VectorTests.cpp(120): last checkpoint
unknown location(0): fatal error in "GivenIterator_WhenPostDecrementing_ThenOldIteratorValueIsReturned<i>": std::runtime_error: TODO
/home/mion/s/143/msieczko/Desktop/Liniowe/tests/VectorTests.cpp(120): last checkpoint
unknown location(0): fatal error in "GivenIterator_WhenPostDecrementing_ThenOldIteratorValueIsReturned<m>": std::runtime_error: TODO
/home/mion/s/143/msieczko/Desktop/Liniowe/tests/VectorTests.cpp(120): last checkpoint
unknown location(0): fatal error in "GivenIterator_WhenPostDecrementing_ThenOldIteratorValueIsReturned<St7complexIiE>": std::runtime_error: TODO
/home/mion/s/143/msieczko/Desktop/Liniowe/tests/VectorTests.cpp(120): last checkpoint
unknown location(0): fatal error in "GivenBeginIterator_WhenDecrementing_ThenOperationThrows<i>": std::runtime_error: TODO
/home/mion/s/143/msieczko/Desktop/Liniowe/tests/VectorTests.cpp(174): last checkpoint
unknown location(0): fatal error in "GivenBeginIterator_WhenDecrementing_ThenOperationThrows<m>": std::runtime_error: TODO
/home/mion/s/143/msieczko/Desktop/Liniowe/tests/VectorTests.cpp(174): last checkpoint
unknown location(0): fatal error in "GivenBeginIterator_WhenDecrementing_ThenOperationThrows<St7complexIiE>": std::runtime_error: TODO
/home/mion/s/143/msieczko/Desktop/Liniowe/tests/VectorTests.cpp(174): last checkpoint
unknown location(0): fatal error in "GivenEndIterator_WhenDereferencing_ThenOperationThrows<i>": std::runtime_error: TODO
/home/mion/s/143/msieczko/Desktop/Liniowe/tests/VectorTests.cpp(186): last checkpoint
unknown location(0): fatal error in "GivenEndIterator_WhenDereferencing_ThenOperationThrows<m>": std::runtime_error: TODO
/home/mion/s/143/msieczko/Desktop/Liniowe/tests/VectorTests.cpp(186): last checkpoint
unknown location(0): fatal error in "GivenEndIterator_WhenDereferencing_ThenOperationThrows<St7complexIiE>": std::runtime_error: TODO
/home/mion/s/143/msieczko/Desktop/Liniowe/tests/VectorTests.cpp(186): last checkpoint
unknown location(0): fatal error in "GivenConstIterator_WhenDereferencing_ThenItemIsReturned<i>": std::runtime_error: TODO
/home/mion/s/143/msieczko/Desktop/Liniowe/tests/VectorTests.cpp(186): last checkpoint
unknown location(0): fatal error in "GivenConstIterator_WhenDereferencing_ThenItemIsReturned<m>": std::runtime_error: TODO
/home/mion/s/143/msieczko/Desktop/Liniowe/tests/VectorTests.cpp(186): last checkpoint
unknown location(0): fatal error in "GivenConstIterator_WhenDereferencing_ThenItemIsReturned<St7complexIiE>": std::runtime_error: TODO
/home/mion/s/143/msieczko/Desktop/Liniowe/tests/VectorTests.cpp(186): last checkpoint
unknown location(0): fatal error in "GivenIterator_WhenDereferencing_ThenItemCanBeChanged<i>": std::runtime_error: TODO
/home/mion/s/143/msieczko/Desktop/Liniowe/tests/VectorTests.cpp(186): last checkpoint
unknown location(0): fatal error in "GivenIterator_WhenDereferencing_ThenItemCanBeChanged<m>": std::runtime_error: TODO
/home/mion/s/143/msieczko/Desktop/Liniowe/tests/VectorTests.cpp(186): last checkpoint
unknown location(0): fatal error in "GivenIterator_WhenDereferencing_ThenItemCanBeChanged<St7complexIiE>": std::runtime_error: TODO
/home/mion/s/143/msieczko/Desktop/Liniowe/tests/VectorTests.cpp(186): last checkpoint
unknown location(0): fatal error in "GivenIterator_WhenAddingInteger_ThenAdvancedIteratorIsReturned<i>": std::runtime_error: TODO
/home/mion/s/143/msieczko/Desktop/Liniowe/tests/VectorTests.cpp(186): last checkpoint
unknown location(0): fatal error in "GivenIterator_WhenAddingInteger_ThenAdvancedIteratorIsReturned<m>": std::runtime_error: TODO
/home/mion/s/143/msieczko/Desktop/Liniowe/tests/VectorTests.cpp(186): last checkpoint
unknown location(0): fatal error in "GivenIterator_WhenAddingInteger_ThenAdvancedIteratorIsReturned<St7complexIiE>": std::runtime_error: TODO
/home/mion/s/143/msieczko/Desktop/Liniowe/tests/VectorTests.cpp(186): last checkpoint
unknown location(0): fatal error in "GivenIterator_WhenSubstractingInteger_ThenChangedIteratorIsReturned<i>": std::runtime_error: TODO
/home/mion/s/143/msieczko/Desktop/Liniowe/tests/VectorTests.cpp(186): last checkpoint
unknown location(0): fatal error in "GivenIterator_WhenSubstractingInteger_ThenChangedIteratorIsReturned<m>": std::runtime_error: TODO
/home/mion/s/143/msieczko/Desktop/Liniowe/tests/VectorTests.cpp(186): last checkpoint
unknown location(0): fatal error in "GivenIterator_WhenSubstractingInteger_ThenChangedIteratorIsReturned<St7complexIiE>": std::runtime_error: TODO
/home/mion/s/143/msieczko/Desktop/Liniowe/tests/VectorTests.cpp(186): last checkpoint
unknown location(0): fatal error in "GivenEmptyCollection_WhenAddingItem_ThenItemIsInCollection<i>": std::runtime_error: TODO
/home/mion/s/143/msieczko/Desktop/Liniowe/tests/VectorTests.cpp(186): last checkpoint
unknown location(0): fatal error in "GivenEmptyCollection_WhenAddingItem_ThenItemIsInCollection<m>": std::runtime_error: TODO
/home/mion/s/143/msieczko/Desktop/Liniowe/tests/VectorTests.cpp(186): last checkpoint
unknown location(0): fatal error in "GivenEmptyCollection_WhenAddingItem_ThenItemIsInCollection<St7complexIiE>": std::runtime_error: TODO
/home/mion/s/143/msieczko/Desktop/Liniowe/tests/VectorTests.cpp(186): last checkpoint
unknown location(0): fatal error in "GivenCollection_WhenInitializingFromList_ThenAllItemsAreInCollection<i>": std::runtime_error: TODO
/home/mion/s/143/msieczko/Desktop/Liniowe/tests/VectorTests.cpp(186): last checkpoint
unknown location(0): fatal error in "GivenCollection_WhenInitializingFromList_ThenAllItemsAreInCollection<m>": std::runtime_error: TODO
/home/mion/s/143/msieczko/Desktop/Liniowe/tests/VectorTests.cpp(186): last checkpoint
unknown location(0): fatal error in "GivenCollection_WhenInitializingFromList_ThenAllItemsAreInCollection<St7complexIiE>": std::runtime_error: TODO
/home/mion/s/143/msieczko/Desktop/Liniowe/tests/VectorTests.cpp(186): last checkpoint
unknown location(0): fatal error in "GivenNonEmptyCollection_WhenCreatingCopy_ThenAllItemsAreCopied<i>": std::runtime_error: TODO
/home/mion/s/143/msieczko/Desktop/Liniowe/tests/VectorTests.cpp(186): last checkpoint
unknown location(0): fatal error in "GivenNonEmptyCollection_WhenCreatingCopy_ThenAllItemsAreCopied<m>": std::runtime_error: TODO
/home/mion/s/143/msieczko/Desktop/Liniowe/tests/VectorTests.cpp(186): last checkpoint
unknown location(0): fatal error in "GivenNonEmptyCollection_WhenCreatingCopy_ThenAllItemsAreCopied<St7complexIiE>": std::runtime_error: TODO
/home/mion/s/143/msieczko/Desktop/Liniowe/tests/VectorTests.cpp(186): last checkpoint
unknown location(0): fatal error in "GivenEmptyCollection_WhenCreatingCopy_ThenBothCollectionsAreEmpty<i>": std::runtime_error: TODO
/home/mion/s/143/msieczko/Desktop/Liniowe/tests/VectorTests.cpp(186): last checkpoint
unknown location(0): fatal error in "GivenEmptyCollection_WhenCreatingCopy_ThenBothCollectionsAreEmpty<m>": std::runtime_error: TODO
/home/mion/s/143/msieczko/Desktop/Liniowe/tests/VectorTests.cpp(186): last checkpoint
unknown location(0): fatal error in "GivenEmptyCollection_WhenCreatingCopy_ThenBothCollectionsAreEmpty<St7complexIiE>": std::runtime_error: TODO
/home/mion/s/143/msieczko/Desktop/Liniowe/tests/VectorTests.cpp(186): last checkpoint
unknown location(0): fatal error in "GivenNonEmptyCollection_WhenMovingToOther_ThenAllItemsAreMoved<i>": std::runtime_error: TODO
/home/mion/s/143/msieczko/Desktop/Liniowe/tests/VectorTests.cpp(186): last checkpoint
unknown location(0): fatal error in "GivenNonEmptyCollection_WhenMovingToOther_ThenAllItemsAreMoved<m>": std::runtime_error: TODO
/home/mion/s/143/msieczko/Desktop/Liniowe/tests/VectorTests.cpp(186): last checkpoint
unknown location(0): fatal error in "GivenNonEmptyCollection_WhenMovingToOther_ThenAllItemsAreMoved<St7complexIiE>": std::runtime_error: TODO
/home/mion/s/143/msieczko/Desktop/Liniowe/tests/VectorTests.cpp(186): last checkpoint
unknown location(0): fatal error in "GivenEmptyCollection_WhenMovingToOther_ThenBothCollectionsAreEmpty<i>": std::runtime_error: TODO
/home/mion/s/143/msieczko/Desktop/Liniowe/tests/VectorTests.cpp(186): last checkpoint
unknown location(0): fatal error in "GivenEmptyCollection_WhenMovingToOther_ThenBothCollectionsAreEmpty<m>": std::runtime_error: TODO
/home/mion/s/143/msieczko/Desktop/Liniowe/tests/VectorTests.cpp(186): last checkpoint
unknown location(0): fatal error in "GivenEmptyCollection_WhenMovingToOther_ThenBothCollectionsAreEmpty<St7complexIiE>": std::runtime_error: TODO
/home/mion/s/143/msieczko/Desktop/Liniowe/tests/VectorTests.cpp(186): last checkpoint
unknown location(0): fatal error in "GivenNonEmptyCollection_WhenAssigningToOther_ThenAllElementsAreCopied<i>": std::runtime_error: TODO
/home/mion/s/143/msieczko/Desktop/Liniowe/tests/VectorTests.cpp(186): last checkpoint
unknown location(0): fatal error in "GivenNonEmptyCollection_WhenAssigningToOther_ThenAllElementsAreCopied<m>": std::runtime_error: TODO
/home/mion/s/143/msieczko/Desktop/Liniowe/tests/VectorTests.cpp(186): last checkpoint
unknown location(0): fatal error in "GivenNonEmptyCollection_WhenAssigningToOther_ThenAllElementsAreCopied<St7complexIiE>": std::runtime_error: TODO
/home/mion/s/143/msieczko/Desktop/Liniowe/tests/VectorTests.cpp(186): last checkpoint
unknown location(0): fatal error in "GivenEmptyCollection_WhenAssigningToOther_ThenOtherCollectionIsEmpty<i>": std::runtime_error: TODO
/home/mion/s/143/msieczko/Desktop/Liniowe/tests/VectorTests.cpp(186): last checkpoint
unknown location(0): fatal error in "GivenEmptyCollection_WhenAssigningToOther_ThenOtherCollectionIsEmpty<m>": std::runtime_error: TODO
/home/mion/s/143/msieczko/Desktop/Liniowe/tests/VectorTests.cpp(186): last checkpoint
unknown location(0): fatal error in "GivenEmptyCollection_WhenAssigningToOther_ThenOtherCollectionIsEmpty<St7complexIiE>": std::runtime_error: TODO
/home/mion/s/143/msieczko/Desktop/Liniowe/tests/VectorTests.cpp(186): last checkpoint
unknown location(0): fatal error in "GivenNonEmptyCollection_WhenMoveAssigning_ThenAllElementsAreMoved<i>": std::runtime_error: TODO
/home/mion/s/143/msieczko/Desktop/Liniowe/tests/VectorTests.cpp(186): last checkpoint
unknown location(0): fatal error in "GivenNonEmptyCollection_WhenMoveAssigning_ThenAllElementsAreMoved<m>": std::runtime_error: TODO
/home/mion/s/143/msieczko/Desktop/Liniowe/tests/VectorTests.cpp(186): last checkpoint
unknown location(0): fatal error in "GivenNonEmptyCollection_WhenMoveAssigning_ThenAllElementsAreMoved<St7complexIiE>": std::runtime_error: TODO
/home/mion/s/143/msieczko/Desktop/Liniowe/tests/VectorTests.cpp(186): last checkpoint
unknown location(0): fatal error in "GivenEmptyCollection_WhenMoveAssigning_ThenBothCollectionAreEmpty<i>": std::runtime_error: TODO
/home/mion/s/143/msieczko/Desktop/Liniowe/tests/VectorTests.cpp(186): last checkpoint
unknown location(0): fatal error in "GivenEmptyCollection_WhenMoveAssigning_ThenBothCollectionAreEmpty<m>": std::runtime_error: TODO
/home/mion/s/143/msieczko/Desktop/Liniowe/tests/VectorTests.cpp(186): last checkpoint
unknown location(0): fatal error in "GivenEmptyCollection_WhenMoveAssigning_ThenBothCollectionAreEmpty<St7complexIiE>": std::runtime_error: TODO
/home/mion/s/143/msieczko/Desktop/Liniowe/tests/VectorTests.cpp(186): last checkpoint
unknown location(0): fatal error in "GivenCollection_WhenAppendingItem_ThenItemIsLast<i>": std::runtime_error: TODO
/home/mion/s/143/msieczko/Desktop/Liniowe/tests/VectorTests.cpp(186): last checkpoint
unknown location(0): fatal error in "GivenCollection_WhenAppendingItem_ThenItemIsLast<m>": std::runtime_error: TODO
/home/mion/s/143/msieczko/Desktop/Liniowe/tests/VectorTests.cpp(186): last checkpoint
unknown location(0): fatal error in "GivenCollection_WhenAppendingItem_ThenItemIsLast<St7complexIiE>": std::runtime_error: TODO
/home/mion/s/143/msieczko/Desktop/Liniowe/tests/VectorTests.cpp(186): last checkpoint
unknown location(0): fatal error in "GivenEmptyCollection_WhenPrependingItem_ThenItemIsAdded<i>": std::runtime_error: TODO
/home/mion/s/143/msieczko/Desktop/Liniowe/tests/VectorTests.cpp(186): last checkpoint
unknown location(0): fatal error in "GivenEmptyCollection_WhenPrependingItem_ThenItemIsAdded<m>": std::runtime_error: TODO
/home/mion/s/143/msieczko/Desktop/Liniowe/tests/VectorTests.cpp(186): last checkpoint
unknown location(0): fatal error in "GivenEmptyCollection_WhenPrependingItem_ThenItemIsAdded<St7complexIiE>": std::runtime_error: TODO
/home/mion/s/143/msieczko/Desktop/Liniowe/tests/VectorTests.cpp(186): last checkpoint
unknown location(0): fatal error in "GivenNonEmptyCollection_WhenPrependingItem_ThenItemIsFirst<i>": std::runtime_error: TODO
/home/mion/s/143/msieczko/Desktop/Liniowe/tests/VectorTests.cpp(186): last checkpoint
unknown location(0): fatal error in "GivenNonEmptyCollection_WhenPrependingItem_ThenItemIsFirst<m>": std::runtime_error: TODO
/home/mion/s/143/msieczko/Desktop/Liniowe/tests/VectorTests.cpp(186): last checkpoint
unknown location(0): fatal error in "GivenNonEmptyCollection_WhenPrependingItem_ThenItemIsFirst<St7complexIiE>": std::runtime_error: TODO
/home/mion/s/143/msieczko/Desktop/Liniowe/tests/VectorTests.cpp(186): last checkpoint
unknown location(0): fatal error in "GivenEmptyCollection_WhenGettingSize_ThenZeroIsReturned<i>": std::runtime_error: TODO
/home/mion/s/143/msieczko/Desktop/Liniowe/tests/VectorTests.cpp(391): last checkpoint
unknown location(0): fatal error in "GivenEmptyCollection_WhenGettingSize_ThenZeroIsReturned<m>": std::runtime_error: TODO
/home/mion/s/143/msieczko/Desktop/Liniowe/tests/VectorTests.cpp(391): last checkpoint
unknown location(0): fatal error in "GivenEmptyCollection_WhenGettingSize_ThenZeroIsReturned<St7complexIiE>": std::runtime_error: TODO
/home/mion/s/143/msieczko/Desktop/Liniowe/tests/VectorTests.cpp(391): last checkpoint
unknown location(0): fatal error in "GivenNonEmptyCollection_WhenGettingSize_ThenElementCountIsReturned<i>": std::runtime_error: TODO
/home/mion/s/143/msieczko/Desktop/Liniowe/tests/VectorTests.cpp(391): last checkpoint
unknown location(0): fatal error in "GivenNonEmptyCollection_WhenGettingSize_ThenElementCountIsReturned<m>": std::runtime_error: TODO
/home/mion/s/143/msieczko/Desktop/Liniowe/tests/VectorTests.cpp(391): last checkpoint
unknown location(0): fatal error in "GivenNonEmptyCollection_WhenGettingSize_ThenElementCountIsReturned<St7complexIiE>": std::runtime_error: TODO
/home/mion/s/143/msieczko/Desktop/Liniowe/tests/VectorTests.cpp(391): last checkpoint
unknown location(0): fatal error in "GivenCollection_WhenChangingIt_ThenItsSizeAlsoChanges<i>": std::runtime_error: TODO
/home/mion/s/143/msieczko/Desktop/Liniowe/tests/VectorTests.cpp(391): last checkpoint
unknown location(0): fatal error in "GivenCollection_WhenChangingIt_ThenItsSizeAlsoChanges<m>": std::runtime_error: TODO
/home/mion/s/143/msieczko/Desktop/Liniowe/tests/VectorTests.cpp(391): last checkpoint
unknown location(0): fatal error in "GivenCollection_WhenChangingIt_ThenItsSizeAlsoChanges<St7complexIiE>": std::runtime_error: TODO
/home/mion/s/143/msieczko/Desktop/Liniowe/tests/VectorTests.cpp(391): last checkpoint
unknown location(0): fatal error in "GivenNonEmptyCollection_WhenPrependingItem_ThenSizeIsUpdated<i>": std::runtime_error: TODO
/home/mion/s/143/msieczko/Desktop/Liniowe/tests/VectorTests.cpp(391): last checkpoint
unknown location(0): fatal error in "GivenNonEmptyCollection_WhenPrependingItem_ThenSizeIsUpdated<m>": std::runtime_error: TODO
/home/mion/s/143/msieczko/Desktop/Liniowe/tests/VectorTests.cpp(391): last checkpoint
unknown location(0): fatal error in "GivenNonEmptyCollection_WhenPrependingItem_ThenSizeIsUpdated<St7complexIiE>": std::runtime_error: TODO
/home/mion/s/143/msieczko/Desktop/Liniowe/tests/VectorTests.cpp(391): last checkpoint
unknown location(0): fatal error in "GivenEmptyCollection_WhenInsertingItem_ThenItemIsAdded<i>": std::runtime_error: TODO
/home/mion/s/143/msieczko/Desktop/Liniowe/tests/VectorTests.cpp(391): last checkpoint
unknown location(0): fatal error in "GivenEmptyCollection_WhenInsertingItem_ThenItemIsAdded<m>": std::runtime_error: TODO
/home/mion/s/143/msieczko/Desktop/Liniowe/tests/VectorTests.cpp(391): last checkpoint
unknown location(0): fatal error in "GivenEmptyCollection_WhenInsertingItem_ThenItemIsAdded<St7complexIiE>": std::runtime_error: TODO
/home/mion/s/143/msieczko/Desktop/Liniowe/tests/VectorTests.cpp(391): last checkpoint
unknown location(0): fatal error in "GivenNonEmptyCollection_WhenInsertingAtBegin_ThenItemIsPrepended<i>": std::runtime_error: TODO
/home/mion/s/143/msieczko/Desktop/Liniowe/tests/VectorTests.cpp(391): last checkpoint
unknown location(0): fatal error in "GivenNonEmptyCollection_WhenInsertingAtBegin_ThenItemIsPrepended<m>": std::runtime_error: TODO
/home/mion/s/143/msieczko/Desktop/Liniowe/tests/VectorTests.cpp(391): last checkpoint
unknown location(0): fatal error in "GivenNonEmptyCollection_WhenInsertingAtBegin_ThenItemIsPrepended<St7complexIiE>": std::runtime_error: TODO
/home/mion/s/143/msieczko/Desktop/Liniowe/tests/VectorTests.cpp(391): last checkpoint
unknown location(0): fatal error in "GivenNonEmptyCollection_WhenInsertingAtEnd_ThenItemIsAppended<i>": std::runtime_error: TODO
/home/mion/s/143/msieczko/Desktop/Liniowe/tests/VectorTests.cpp(391): last checkpoint
unknown location(0): fatal error in "GivenNonEmptyCollection_WhenInsertingAtEnd_ThenItemIsAppended<m>": std::runtime_error: TODO
/home/mion/s/143/msieczko/Desktop/Liniowe/tests/VectorTests.cpp(391): last checkpoint
unknown location(0): fatal error in "GivenNonEmptyCollection_WhenInsertingAtEnd_ThenItemIsAppended<St7complexIiE>": std::runtime_error: TODO
/home/mion/s/143/msieczko/Desktop/Liniowe/tests/VectorTests.cpp(391): last checkpoint
unknown location(0): fatal error in "GivenNonEmptyCollection_WhenInsertingInMiddle_ThenItemInserted<i>": std::runtime_error: TODO
/home/mion/s/143/msieczko/Desktop/Liniowe/tests/VectorTests.cpp(391): last checkpoint
unknown location(0): fatal error in "GivenNonEmptyCollection_WhenInsertingInMiddle_ThenItemInserted<m>": std::runtime_error: TODO
/home/mion/s/143/msieczko/Desktop/Liniowe/tests/VectorTests.cpp(391): last checkpoint
unknown location(0): fatal error in "GivenNonEmptyCollection_WhenInsertingInMiddle_ThenItemInserted<St7complexIiE>": std::runtime_error: TODO
/home/mion/s/143/msieczko/Desktop/Liniowe/tests/VectorTests.cpp(391): last checkpoint
unknown location(0): fatal error in "GivenNonEmptyCollection_WhenInserting_ThenSizeIsUpdated<i>": std::runtime_error: TODO
/home/mion/s/143/msieczko/Desktop/Liniowe/tests/VectorTests.cpp(391): last checkpoint
unknown location(0): fatal error in "GivenNonEmptyCollection_WhenInserting_ThenSizeIsUpdated<m>": std::runtime_error: TODO
/home/mion/s/143/msieczko/Desktop/Liniowe/tests/VectorTests.cpp(391): last checkpoint
unknown location(0): fatal error in "GivenNonEmptyCollection_WhenInserting_ThenSizeIsUpdated<St7complexIiE>": std::runtime_error: TODO
/home/mion/s/143/msieczko/Desktop/Liniowe/tests/VectorTests.cpp(391): last checkpoint
unknown location(0): fatal error in "GivenEmptyCollection_WhenPoppingFirst_ThenOperationThrows<i>": std::runtime_error: TODO
/home/mion/s/143/msieczko/Desktop/Liniowe/tests/VectorTests.cpp(484): last checkpoint
unknown location(0): fatal error in "GivenEmptyCollection_WhenPoppingFirst_ThenOperationThrows<m>": std::runtime_error: TODO
/home/mion/s/143/msieczko/Desktop/Liniowe/tests/VectorTests.cpp(484): last checkpoint
unknown location(0): fatal error in "GivenEmptyCollection_WhenPoppingFirst_ThenOperationThrows<St7complexIiE>": std::runtime_error: TODO
/home/mion/s/143/msieczko/Desktop/Liniowe/tests/VectorTests.cpp(484): last checkpoint
unknown location(0): fatal error in "GivenEmptyCollection_WhenPoppingLast_ThenOperationThrows<i>": std::runtime_error: TODO
/home/mion/s/143/msieczko/Desktop/Liniowe/tests/VectorTests.cpp(493): last checkpoint
unknown location(0): fatal error in "GivenEmptyCollection_WhenPoppingLast_ThenOperationThrows<m>": std::runtime_error: TODO
/home/mion/s/143/msieczko/Desktop/Liniowe/tests/VectorTests.cpp(493): last checkpoint
unknown location(0): fatal error in "GivenEmptyCollection_WhenPoppingLast_ThenOperationThrows<St7complexIiE>": std::runtime_error: TODO
/home/mion/s/143/msieczko/Desktop/Liniowe/tests/VectorTests.cpp(493): last checkpoint
unknown location(0): fatal error in "GivenCollectionWithSingleItem_WhenPoppingFirst_ThenCollectionIsEmpty<i>": std::runtime_error: TODO
/home/mion/s/143/msieczko/Desktop/Liniowe/tests/VectorTests.cpp(493): last checkpoint
unknown location(0): fatal error in "GivenCollectionWithSingleItem_WhenPoppingFirst_ThenCollectionIsEmpty<m>": std::runtime_error: TODO
/home/mion/s/143/msieczko/Desktop/Liniowe/tests/VectorTests.cpp(493): last checkpoint
unknown location(0): fatal error in "GivenCollectionWithSingleItem_WhenPoppingFirst_ThenCollectionIsEmpty<St7complexIiE>": std::runtime_error: TODO
/home/mion/s/143/msieczko/Desktop/Liniowe/tests/VectorTests.cpp(493): last checkpoint
unknown location(0): fatal error in "GivenCollectionWithSingleItem_WhenPoppingLast_ThenCollectionIsEmpty<i>": std::runtime_error: TODO
/home/mion/s/143/msieczko/Desktop/Liniowe/tests/VectorTests.cpp(493): last checkpoint
unknown location(0): fatal error in "GivenCollectionWithSingleItem_WhenPoppingLast_ThenCollectionIsEmpty<m>": std::runtime_error: TODO
/home/mion/s/143/msieczko/Desktop/Liniowe/tests/VectorTests.cpp(493): last checkpoint
unknown location(0): fatal error in "GivenCollectionWithSingleItem_WhenPoppingLast_ThenCollectionIsEmpty<St7complexIiE>": std::runtime_error: TODO
/home/mion/s/143/msieczko/Desktop/Liniowe/tests/VectorTests.cpp(493): last checkpoint
unknown location(0): fatal error in "GivenNonEmptyCollection_WhenPoppingFirst_ThenCollectionSizeIsReduced<i>": std::runtime_error: TODO
/home/mion/s/143/msieczko/Desktop/Liniowe/tests/VectorTests.cpp(493): last checkpoint
unknown location(0): fatal error in "GivenNonEmptyCollection_WhenPoppingFirst_ThenCollectionSizeIsReduced<m>": std::runtime_error: TODO
/home/mion/s/143/msieczko/Desktop/Liniowe/tests/VectorTests.cpp(493): last checkpoint
unknown location(0): fatal error in "GivenNonEmptyCollection_WhenPoppingFirst_ThenCollectionSizeIsReduced<St7complexIiE>": std::runtime_error: TODO
/home/mion/s/143/msieczko/Desktop/Liniowe/tests/VectorTests.cpp(493): last checkpoint
unknown location(0): fatal error in "GivenNonEmptyCollection_WhenPoppingLast_ThenCollectionSizeIsReduced<i>": std::runtime_error: TODO
/home/mion/s/143/msieczko/Desktop/Liniowe/tests/VectorTests.cpp(493): last checkpoint
unknown location(0): fatal error in "GivenNonEmptyCollection_WhenPoppingLast_ThenCollectionSizeIsReduced<m>": std::runtime_error: TODO
/home/mion/s/143/msieczko/Desktop/Liniowe/tests/VectorTests.cpp(493): last checkpoint
unknown location(0): fatal error in "GivenNonEmptyCollection_WhenPoppingLast_ThenCollectionSizeIsReduced<St7complexIiE>": std::runtime_error: TODO
/home/mion/s/143/msieczko/Desktop/Liniowe/tests/VectorTests.cpp(493): last checkpoint
unknown location(0): fatal error in "GivenNonEmptyCollection_WhenPoppingFirst_ThenItemIsRemoved<i>": std::runtime_error: TODO
/home/mion/s/143/msieczko/Desktop/Liniowe/tests/VectorTests.cpp(493): last checkpoint
unknown location(0): fatal error in "GivenNonEmptyCollection_WhenPoppingFirst_ThenItemIsRemoved<m>": std::runtime_error: TODO
/home/mion/s/143/msieczko/Desktop/Liniowe/tests/VectorTests.cpp(493): last checkpoint
unknown location(0): fatal error in "GivenNonEmptyCollection_WhenPoppingFirst_ThenItemIsRemoved<St7complexIiE>": std::runtime_error: TODO
/home/mion/s/143/msieczko/Desktop/Liniowe/tests/VectorTests.cpp(493): last checkpoint
unknown location(0): fatal error in "GivenNonEmptyCollection_WhenPoppingLast_ThenItemIsRemoved<i>": std::runtime_error: TODO
/home/mion/s/143/msieczko/Desktop/Liniowe/tests/VectorTests.cpp(493): last checkpoint
unknown location(0): fatal error in "GivenNonEmptyCollection_WhenPoppingLast_ThenItemIsRemoved<m>": std::runtime_error: TODO
/home/mion/s/143/msieczko/Desktop/Liniowe/tests/VectorTests.cpp(493): last checkpoint
unknown location(0): fatal error in "GivenNonEmptyCollection_WhenPoppingLast_ThenItemIsRemoved<St7complexIiE>": std::runtime_error: TODO
/home/mion/s/143/msieczko/Desktop/Liniowe/tests/VectorTests.cpp(493): last checkpoint
unknown location(0): fatal error in "GivenNonEmptyCollection_WhenPoppingFirst_ThenItemsIsReturned<i>": std::runtime_error: TODO
/home/mion/s/143/msieczko/Desktop/Liniowe/tests/VectorTests.cpp(493): last checkpoint
unknown location(0): fatal error in "GivenNonEmptyCollection_WhenPoppingFirst_ThenItemsIsReturned<m>": std::runtime_error: TODO
/home/mion/s/143/msieczko/Desktop/Liniowe/tests/VectorTests.cpp(493): last checkpoint
unknown location(0): fatal error in "GivenNonEmptyCollection_WhenPoppingFirst_ThenItemsIsReturned<St7complexIiE>": std::runtime_error: TODO
/home/mion/s/143/msieczko/Desktop/Liniowe/tests/VectorTests.cpp(493): last checkpoint
unknown location(0): fatal error in "GivenNonEmptyCollection_WhenPoppingLast_ThenItemsIsReturned<i>": std::runtime_error: TODO
/home/mion/s/143/msieczko/Desktop/Liniowe/tests/VectorTests.cpp(493): last checkpoint
unknown location(0): fatal error in "GivenNonEmptyCollection_WhenPoppingLast_ThenItemsIsReturned<m>": std::runtime_error: TODO
/home/mion/s/143/msieczko/Desktop/Liniowe/tests/VectorTests.cpp(493): last checkpoint
unknown location(0): fatal error in "GivenNonEmptyCollection_WhenPoppingLast_ThenItemsIsReturned<St7complexIiE>": std::runtime_error: TODO
/home/mion/s/143/msieczko/Desktop/Liniowe/tests/VectorTests.cpp(493): last checkpoint
unknown location(0): fatal error in "GivenEmptyCollection_WhenErasing_ThenOperationThrows<i>": std::runtime_error: TODO
/home/mion/s/143/msieczko/Desktop/Liniowe/tests/VectorTests.cpp(586): last checkpoint
unknown location(0): fatal error in "GivenEmptyCollection_WhenErasing_ThenOperationThrows<m>": std::runtime_error: TODO
/home/mion/s/143/msieczko/Desktop/Liniowe/tests/VectorTests.cpp(586): last checkpoint
unknown location(0): fatal error in "GivenEmptyCollection_WhenErasing_ThenOperationThrows<St7complexIiE>": std::runtime_error: TODO
/home/mion/s/143/msieczko/Desktop/Liniowe/tests/VectorTests.cpp(586): last checkpoint
unknown location(0): fatal error in "GivenNonEmptyCollection_WhenErasingEnd_ThenOperationThrows<i>": std::runtime_error: TODO
/home/mion/s/143/msieczko/Desktop/Liniowe/tests/VectorTests.cpp(586): last checkpoint
unknown location(0): fatal error in "GivenNonEmptyCollection_WhenErasingEnd_ThenOperationThrows<m>": std::runtime_error: TODO
/home/mion/s/143/msieczko/Desktop/Liniowe/tests/VectorTests.cpp(586): last checkpoint
unknown location(0): fatal error in "GivenNonEmptyCollection_WhenErasingEnd_ThenOperationThrows<St7complexIiE>": std::runtime_error: TODO
/home/mion/s/143/msieczko/Desktop/Liniowe/tests/VectorTests.cpp(586): last checkpoint
unknown location(0): fatal error in "GivenNonEmptyCollection_WhenErasingBegin_ThenItemIsRemoved<i>": std::runtime_error: TODO
/home/mion/s/143/msieczko/Desktop/Liniowe/tests/VectorTests.cpp(586): last checkpoint
unknown location(0): fatal error in "GivenNonEmptyCollection_WhenErasingBegin_ThenItemIsRemoved<m>": std::runtime_error: TODO
/home/mion/s/143/msieczko/Desktop/Liniowe/tests/VectorTests.cpp(586): last checkpoint
unknown location(0): fatal error in "GivenNonEmptyCollection_WhenErasingBegin_ThenItemIsRemoved<St7complexIiE>": std::runtime_error: TODO
/home/mion/s/143/msieczko/Desktop/Liniowe/tests/VectorTests.cpp(586): last checkpoint
unknown location(0): fatal error in "GivenNonEmptyCollection_WhenErasingLastItem_ThemItemIsRemoved<i>": std::runtime_error: TODO
/home/mion/s/143/msieczko/Desktop/Liniowe/tests/VectorTests.cpp(586): last checkpoint
unknown location(0): fatal error in "GivenNonEmptyCollection_WhenErasingLastItem_ThemItemIsRemoved<m>": std::runtime_error: TODO
/home/mion/s/143/msieczko/Desktop/Liniowe/tests/VectorTests.cpp(586): last checkpoint
unknown location(0): fatal error in "GivenNonEmptyCollection_WhenErasingLastItem_ThemItemIsRemoved<St7complexIiE>": std::runtime_error: TODO
/home/mion/s/143/msieczko/Desktop/Liniowe/tests/VectorTests.cpp(586): last checkpoint
unknown location(0): fatal error in "GivenNonEmptyCollection_WhenErasingMiddleItem_ThenItemIsRemoved<i>": std::runtime_error: TODO
/home/mion/s/143/msieczko/Desktop/Liniowe/tests/VectorTests.cpp(586): last checkpoint
unknown location(0): fatal error in "GivenNonEmptyCollection_WhenErasingMiddleItem_ThenItemIsRemoved<m>": std::runtime_error: TODO
/home/mion/s/143/msieczko/Desktop/Liniowe/tests/VectorTests.cpp(586): last checkpoint
unknown location(0): fatal error in "GivenNonEmptyCollection_WhenErasingMiddleItem_ThenItemIsRemoved<St7complexIiE>": std::runtime_error: TODO
/home/mion/s/143/msieczko/Desktop/Liniowe/tests/VectorTests.cpp(586): last checkpoint
unknown location(0): fatal error in "GivenNonEmptyCollection_WhenErasing_ThenSizeIsReduced<i>": std::runtime_error: TODO
/home/mion/s/143/msieczko/Desktop/Liniowe/tests/VectorTests.cpp(586): last checkpoint
unknown location(0): fatal error in "GivenNonEmptyCollection_WhenErasing_ThenSizeIsReduced<m>": std::runtime_error: TODO
/home/mion/s/143/msieczko/Desktop/Liniowe/tests/VectorTests.cpp(586): last checkpoint
unknown location(0): fatal error in "GivenNonEmptyCollection_WhenErasing_ThenSizeIsReduced<St7complexIiE>": std::runtime_error: TODO
/home/mion/s/143/msieczko/Desktop/Liniowe/tests/VectorTests.cpp(586): last checkpoint
unknown location(0): fatal error in "GivenCollectionWithSingleItem_WhenErasing_ThenCollectionIsEmpty<i>": std::runtime_error: TODO
/home/mion/s/143/msieczko/Desktop/Liniowe/tests/VectorTests.cpp(586): last checkpoint
unknown location(0): fatal error in "GivenCollectionWithSingleItem_WhenErasing_ThenCollectionIsEmpty<m>": std::runtime_error: TODO
/home/mion/s/143/msieczko/Desktop/Liniowe/tests/VectorTests.cpp(586): last checkpoint
unknown location(0): fatal error in "GivenCollectionWithSingleItem_WhenErasing_ThenCollectionIsEmpty<St7complexIiE>": std::runtime_error: TODO
/home/mion/s/143/msieczko/Desktop/Liniowe/tests/VectorTests.cpp(586): last checkpoint
unknown location(0): fatal error in "GivenNonEmptyCollection_WhenErasingEmptyRange_ThenNothingHappens<i>": std::runtime_error: TODO
/home/mion/s/143/msieczko/Desktop/Liniowe/tests/VectorTests.cpp(586): last checkpoint
unknown location(0): fatal error in "GivenNonEmptyCollection_WhenErasingEmptyRange_ThenNothingHappens<m>": std::runtime_error: TODO
/home/mion/s/143/msieczko/Desktop/Liniowe/tests/VectorTests.cpp(586): last checkpoint
unknown location(0): fatal error in "GivenNonEmptyCollection_WhenErasingEmptyRange_ThenNothingHappens<St7complexIiE>": std::runtime_error: TODO
/home/mion/s/143/msieczko/Desktop/Liniowe/tests/VectorTests.cpp(586): last checkpoint
unknown location(0): fatal error in "GivenNonEmptyCollection_WhenErasingRangeFromBegin_ThenItemsAreRemoved<i>": std::runtime_error: TODO
/home/mion/s/143/msieczko/Desktop/Liniowe/tests/VectorTests.cpp(586): last checkpoint
unknown location(0): fatal error in "GivenNonEmptyCollection_WhenErasingRangeFromBegin_ThenItemsAreRemoved<m>": std::runtime_error: TODO
/home/mion/s/143/msieczko/Desktop/Liniowe/tests/VectorTests.cpp(586): last checkpoint
unknown location(0): fatal error in "GivenNonEmptyCollection_WhenErasingRangeFromBegin_ThenItemsAreRemoved<St7complexIiE>": std::runtime_error: TODO
/home/mion/s/143/msieczko/Desktop/Liniowe/tests/VectorTests.cpp(586): last checkpoint
unknown location(0): fatal error in "GivenNonEmptyCollection_whenErasingRangeToEnd_ThenItemsAreRemoved<i>": std::runtime_error: TODO
/home/mion/s/143/msieczko/Desktop/Liniowe/tests/VectorTests.cpp(586): last checkpoint
unknown location(0): fatal error in "GivenNonEmptyCollection_whenErasingRangeToEnd_ThenItemsAreRemoved<m>": std::runtime_error: TODO
/home/mion/s/143/msieczko/Desktop/Liniowe/tests/VectorTests.cpp(586): last checkpoint
unknown location(0): fatal error in "GivenNonEmptyCollection_whenErasingRangeToEnd_ThenItemsAreRemoved<St7complexIiE>": std::runtime_error: TODO
/home/mion/s/143/msieczko/Desktop/Liniowe/tests/VectorTests.cpp(586): last checkpoint
unknown location(0): fatal error in "GivenNonEmptyCollection_WhenErasingSingleItemRange_ThenItemIsRemoved<i>": std::runtime_error: TODO
/home/mion/s/143/msieczko/Desktop/Liniowe/tests/VectorTests.cpp(586): last checkpoint
unknown location(0): fatal error in "GivenNonEmptyCollection_WhenErasingSingleItemRange_ThenItemIsRemoved<m>": std::runtime_error: TODO
/home/mion/s/143/msieczko/Desktop/Liniowe/tests/VectorTests.cpp(586): last checkpoint
unknown location(0): fatal error in "GivenNonEmptyCollection_WhenErasingSingleItemRange_ThenItemIsRemoved<St7complexIiE>": std::runtime_error: TODO
/home/mion/s/143/msieczko/Desktop/Liniowe/tests/VectorTests.cpp(586): last checkpoint
unknown location(0): fatal error in "GivenNonEmptyCollection_WhenErasingWholeRange_ThenCollectinIsEmpty<i>": std::runtime_error: TODO
/home/mion/s/143/msieczko/Desktop/Liniowe/tests/VectorTests.cpp(586): last checkpoint
unknown location(0): fatal error in "GivenNonEmptyCollection_WhenErasingWholeRange_ThenCollectinIsEmpty<m>": std::runtime_error: TODO
/home/mion/s/143/msieczko/Desktop/Liniowe/tests/VectorTests.cpp(586): last checkpoint
unknown location(0): fatal error in "GivenNonEmptyCollection_WhenErasingWholeRange_ThenCollectinIsEmpty<St7complexIiE>": std::runtime_error: TODO
/home/mion/s/143/msieczko/Desktop/Liniowe/tests/VectorTests.cpp(586): last checkpoint
unknown location(0): fatal error in "GivenNonEmptyCollection_WhenErasingRange_ThenSizeIsUpdated<i>": std::runtime_error: TODO
/home/mion/s/143/msieczko/Desktop/Liniowe/tests/VectorTests.cpp(586): last checkpoint
unknown location(0): fatal error in "GivenNonEmptyCollection_WhenErasingRange_ThenSizeIsUpdated<m>": std::runtime_error: TODO
/home/mion/s/143/msieczko/Desktop/Liniowe/tests/VectorTests.cpp(586): last checkpoint
unknown location(0): fatal error in "GivenNonEmptyCollection_WhenErasingRange_ThenSizeIsUpdated<St7complexIiE>": std::runtime_error: TODO
/home/mion/s/143/msieczko/Desktop/Liniowe/tests/VectorTests.cpp(586): last checkpoint
unknown location(0): fatal error in "GivenCollection_WhenCreatedWithDefaultConstructor_ThenItIsEmpty<i>": std::runtime_error: TODO
/home/mion/s/143/msieczko/Desktop/Liniowe/tests/LinkedListTests.cpp(36): last checkpoint
unknown location(0): fatal error in "GivenCollection_WhenCreatedWithDefaultConstructor_ThenItIsEmpty<m>": std::runtime_error: TODO
/home/mion/s/143/msieczko/Desktop/Liniowe/tests/LinkedListTests.cpp(36): last checkpoint
unknown location(0): fatal error in "GivenCollection_WhenCreatedWithDefaultConstructor_ThenItIsEmpty<St7complexIiE>": std::runtime_error: TODO
/home/mion/s/143/msieczko/Desktop/Liniowe/tests/LinkedListTests.cpp(36): last checkpoint
unknown location(0): fatal error in "GivenEmptyCollection_WhenAddingItem_ThenItIsNoLongerEmpty<i>": std::runtime_error: TODO
/home/mion/s/143/msieczko/Desktop/Liniowe/tests/LinkedListTests.cpp(36): last checkpoint
unknown location(0): fatal error in "GivenEmptyCollection_WhenAddingItem_ThenItIsNoLongerEmpty<m>": std::runtime_error: TODO
/home/mion/s/143/msieczko/Desktop/Liniowe/tests/LinkedListTests.cpp(36): last checkpoint
unknown location(0): fatal error in "GivenEmptyCollection_WhenAddingItem_ThenItIsNoLongerEmpty<St7complexIiE>": std::runtime_error: TODO
/home/mion/s/143/msieczko/Desktop/Liniowe/tests/LinkedListTests.cpp(36): last checkpoint
unknown location(0): fatal error in "GivenEmptyCollection_WhenGettingIterators_ThenBeginEqualsEnd<i>": std::runtime_error: TODO
/home/mion/s/143/msieczko/Desktop/Liniowe/tests/LinkedListTests.cpp(56): last checkpoint
unknown location(0): fatal error in "GivenEmptyCollection_WhenGettingIterators_ThenBeginEqualsEnd<m>": std::runtime_error: TODO
/home/mion/s/143/msieczko/Desktop/Liniowe/tests/LinkedListTests.cpp(56): last checkpoint
unknown location(0): fatal error in "GivenEmptyCollection_WhenGettingIterators_ThenBeginEqualsEnd<St7complexIiE>": std::runtime_error: TODO
/home/mion/s/143/msieczko/Desktop/Liniowe/tests/LinkedListTests.cpp(56): last checkpoint
unknown location(0): fatal error in "GivenNonEmptyCollection_WhenGettingIterator_ThenBeginIsNotEnd<i>": std::runtime_error: TODO
/home/mion/s/143/msieczko/Desktop/Liniowe/tests/LinkedListTests.cpp(56): last checkpoint
unknown location(0): fatal error in "GivenNonEmptyCollection_WhenGettingIterator_ThenBeginIsNotEnd<m>": std::runtime_error: TODO
/home/mion/s/143/msieczko/Desktop/Liniowe/tests/LinkedListTests.cpp(56): last checkpoint
unknown location(0): fatal error in "GivenNonEmptyCollection_WhenGettingIterator_ThenBeginIsNotEnd<St7complexIiE>": std::runtime_error: TODO
/home/mion/s/143/msieczko/Desktop/Liniowe/tests/LinkedListTests.cpp(56): last checkpoint
unknown location(0): fatal error in "GivenCollectionWithOneElement_WhenIterating_ThenElementIsReturned<i>": std::runtime_error: TODO
/home/mion/s/143/msieczko/Desktop/Liniowe/tests/LinkedListTests.cpp(56): last checkpoint
unknown location(0): fatal error in "GivenCollectionWithOneElement_WhenIterating_ThenElementIsReturned<m>": std::runtime_error: TODO
/home/mion/s/143/msieczko/Desktop/Liniowe/tests/LinkedListTests.cpp(56): last checkpoint
unknown location(0): fatal error in "GivenCollectionWithOneElement_WhenIterating_ThenElementIsReturned<St7complexIiE>": std::runtime_error: TODO
/home/mion/s/143/msieczko/Desktop/Liniowe/tests/LinkedListTests.cpp(56): last checkpoint
unknown location(0): fatal error in "GivenIterator_WhenPostIncrementing_ThenPreviousPositionIsReturned<i>": std::runtime_error: TODO
/home/mion/s/143/msieczko/Desktop/Liniowe/tests/LinkedListTests.cpp(56): last checkpoint
unknown location(0): fatal error in "GivenIterator_WhenPostIncrementing_ThenPreviousPositionIsReturned<m>": std::runtime_error: TODO
/home/mion/s/143/msieczko/Desktop/Liniowe/tests/LinkedListTests.cpp(56): last checkpoint
unknown location(0): fatal error in "GivenIterator_WhenPostIncrementing_ThenPreviousPositionIsReturned<St7complexIiE>": std::runtime_error: TODO
/home/mion/s/143/msieczko/Desktop/Liniowe/tests/LinkedListTests.cpp(56): last checkpoint
unknown location(0): fatal error in "GivenIterator_WhenPreIncrementing_ThenNewPositionIsReturned<i>": std::runtime_error: TODO
/home/mion/s/143/msieczko/Desktop/Liniowe/tests/LinkedListTests.cpp(56): last checkpoint
unknown location(0): fatal error in "GivenIterator_WhenPreIncrementing_ThenNewPositionIsReturned<m>": std::runtime_error: TODO
/home/mion/s/143/msieczko/Desktop/Liniowe/tests/LinkedListTests.cpp(56): last checkpoint
unknown location(0): fatal error in "GivenIterator_WhenPreIncrementing_ThenNewPositionIsReturned<St7complexIiE>": std::runtime_error: TODO
/home/mion/s/143/msieczko/Desktop/Liniowe/tests/LinkedListTests.cpp(56): last checkpoint
unknown location(0): fatal error in "GivenEndIterator_WhenIncrementing_ThenOperationThrows<i>": std::runtime_error: TODO
/home/mion/s/143/msieczko/Desktop/Liniowe/tests/LinkedListTests.cpp(120): last checkpoint
unknown location(0): fatal error in "GivenEndIterator_WhenIncrementing_ThenOperationThrows<m>": std::runtime_error: TODO
/home/mion/s/143/msieczko/Desktop/Liniowe/tests/LinkedListTests.cpp(120): last checkpoint
unknown location(0): fatal error in "GivenEndIterator_WhenIncrementing_ThenOperationThrows<St7complexIiE>": std::runtime_error: TODO
/home/mion/s/143/msieczko/Desktop/Liniowe/tests/LinkedListTests.cpp(120): last checkpoint
unknown location(0): fatal error in "GivenEndIterator_WhenDecrementing_ThenIteratorPointsToLastItem<i>": std::runtime_error: TODO
/home/mion/s/143/msieczko/Desktop/Liniowe/tests/LinkedListTests.cpp(120): last checkpoint
unknown location(0): fatal error in "GivenEndIterator_WhenDecrementing_ThenIteratorPointsToLastItem<m>": std::runtime_error: TODO
/home/mion/s/143/msieczko/Desktop/Liniowe/tests/LinkedListTests.cpp(120): last checkpoint
unknown location(0): fatal error in "GivenEndIterator_WhenDecrementing_ThenIteratorPointsToLastItem<St7complexIiE>": std::runtime_error: TODO
/home/mion/s/143/msieczko/Desktop/Liniowe/tests/LinkedListTests.cpp(120): last checkpoint
unknown location(0): fatal error in "GivenIterator_WhenPreDecrementing_ThenNewIteratorValueIsReturned<i>": std::runtime_error: TODO
/home/mion/s/143/msieczko/Desktop/Liniowe/tests/LinkedListTests.cpp(120): last checkpoint
unknown location(0): fatal error in "GivenIterator_WhenPreDecrementing_ThenNewIteratorValueIsReturned<m>": std::runtime_error: TODO
/home/mion/s/143/msieczko/Desktop/Liniowe/tests/LinkedListTests.cpp(120): last checkpoint
unknown location(0): fatal error in "GivenIterator_WhenPreDecrementing_ThenNewIteratorValueIsReturned<St7complexIiE>": std::runtime_error: TODO
/home/mion/s/143/msieczko/Desktop/Liniowe/tests/LinkedListTests.cpp(120): last checkpoint
unknown location(0): fatal error in "GivenIterator_WhenPostDecrementing_ThenOldIteratorValueIsReturned<i>": std::runtime_error: TODO
/home/mion/s/143/msieczko/Desktop/Liniowe/tests/LinkedListTests.cpp(120): last checkpoint
unknown location(0): fatal error in "GivenIterator_WhenPostDecrementing_ThenOldIteratorValueIsReturned<m>": std::runtime_error: TODO
/home/mion/s/143/msieczko/Desktop/Liniowe/tests/LinkedListTests.cpp(120): last checkpoint
unknown location(0): fatal error in "GivenIterator_WhenPostDecrementing_ThenOldIteratorValueIsReturned<St7complexIiE>": std::runtime_error: TODO
/home/mion/s/143/msieczko/Desktop/Liniowe/tests/LinkedListTests.cpp(120): last checkpoint
unknown location(0): fatal error in "GivenBeginIterator_WhenDecrementing_ThenOperationThrows<i>": std::runtime_error: TODO
/home/mion/s/143/msieczko/Desktop/Liniowe/tests/LinkedListTests.cpp(174): last checkpoint
unknown location(0): fatal error in "GivenBeginIterator_WhenDecrementing_ThenOperationThrows<m>": std::runtime_error: TODO
/home/mion/s/143/msieczko/Desktop/Liniowe/tests/LinkedListTests.cpp(174): last checkpoint
unknown location(0): fatal error in "GivenBeginIterator_WhenDecrementing_ThenOperationThrows<St7complexIiE>": std::runtime_error: TODO
/home/mion/s/143/msieczko/Desktop/Liniowe/tests/LinkedListTests.cpp(174): last checkpoint
unknown location(0): fatal error in "GivenEndIterator_WhenDereferencing_ThenOperationThrows<i>": std::runtime_error: TODO
/home/mion/s/143/msieczko/Desktop/Liniowe/tests/LinkedListTests.cpp(186): last checkpoint
unknown location(0): fatal error in "GivenEndIterator_WhenDereferencing_ThenOperationThrows<m>": std::runtime_error: TODO
/home/mion/s/143/msieczko/Desktop/Liniowe/tests/LinkedListTests.cpp(186): last checkpoint
unknown location(0): fatal error in "GivenEndIterator_WhenDereferencing_ThenOperationThrows<St7complexIiE>": std::runtime_error: TODO
/home/mion/s/143/msieczko/Desktop/Liniowe/tests/LinkedListTests.cpp(186): last checkpoint
unknown location(0): fatal error in "GivenConstIterator_WhenDereferencing_ThenItemIsReturned<i>": std::runtime_error: TODO
/home/mion/s/143/msieczko/Desktop/Liniowe/tests/LinkedListTests.cpp(186): last checkpoint
unknown location(0): fatal error in "GivenConstIterator_WhenDereferencing_ThenItemIsReturned<m>": std::runtime_error: TODO
/home/mion/s/143/msieczko/Desktop/Liniowe/tests/LinkedListTests.cpp(186): last checkpoint
unknown location(0): fatal error in "GivenConstIterator_WhenDereferencing_ThenItemIsReturned<St7complexIiE>": std::runtime_error: TODO
/home/mion/s/143/msieczko/Desktop/Liniowe/tests/LinkedListTests.cpp(186): last checkpoint
unknown location(0): fatal error in "GivenIterator_WhenDereferencing_ThenItemCanBeChanged<i>": std::runtime_error: TODO
/home/mion/s/143/msieczko/Desktop/Liniowe/tests/LinkedListTests.cpp(186): last checkpoint
unknown location(0): fatal error in "GivenIterator_WhenDereferencing_ThenItemCanBeChanged<m>": std::runtime_error: TODO
/home/mion/s/143/msieczko/Desktop/Liniowe/tests/LinkedListTests.cpp(186): last checkpoint
unknown location(0): fatal error in "GivenIterator_WhenDereferencing_ThenItemCanBeChanged<St7complexIiE>": std::runtime_error: TODO
/home/mion/s/143/msieczko/Desktop/Liniowe/tests/LinkedListTests.cpp(186): last checkpoint
unknown location(0): fatal error in "GivenIterator_WhenAddingInteger_ThenAdvancedIteratorIsReturned<i>": std::runtime_error: TODO
/home/mion/s/143/msieczko/Desktop/Liniowe/tests/LinkedListTests.cpp(186): last checkpoint
unknown location(0): fatal error in "GivenIterator_WhenAddingInteger_ThenAdvancedIteratorIsReturned<m>": std::runtime_error: TODO
/home/mion/s/143/msieczko/Desktop/Liniowe/tests/LinkedListTests.cpp(186): last checkpoint
unknown location(0): fatal error in "GivenIterator_WhenAddingInteger_ThenAdvancedIteratorIsReturned<St7complexIiE>": std::runtime_error: TODO
/home/mion/s/143/msieczko/Desktop/Liniowe/tests/LinkedListTests.cpp(186): last checkpoint
unknown location(0): fatal error in "GivenIterator_WhenSubstractingInteger_ThenChangedIteratorIsReturned<i>": std::runtime_error: TODO
/home/mion/s/143/msieczko/Desktop/Liniowe/tests/LinkedListTests.cpp(186): last checkpoint
unknown location(0): fatal error in "GivenIterator_WhenSubstractingInteger_ThenChangedIteratorIsReturned<m>": std::runtime_error: TODO
/home/mion/s/143/msieczko/Desktop/Liniowe/tests/LinkedListTests.cpp(186): last checkpoint
unknown location(0): fatal error in "GivenIterator_WhenSubstractingInteger_ThenChangedIteratorIsReturned<St7complexIiE>": std::runtime_error: TODO
/home/mion/s/143/msieczko/Desktop/Liniowe/tests/LinkedListTests.cpp(186): last checkpoint
unknown location(0): fatal error in "GivenEmptyCollection_WhenAddingItem_ThenItemIsInCollection<i>": std::runtime_error: TODO
/home/mion/s/143/msieczko/Desktop/Liniowe/tests/LinkedListTests.cpp(186): last checkpoint
unknown location(0): fatal error in "GivenEmptyCollection_WhenAddingItem_ThenItemIsInCollection<m>": std::runtime_error: TODO
/home/mion/s/143/msieczko/Desktop/Liniowe/tests/LinkedListTests.cpp(186): last checkpoint
unknown location(0): fatal error in "GivenEmptyCollection_WhenAddingItem_ThenItemIsInCollection<St7complexIiE>": std::runtime_error: TODO
/home/mion/s/143/msieczko/Desktop/Liniowe/tests/LinkedListTests.cpp(186): last checkpoint
unknown location(0): fatal error in "GivenCollection_WhenInitializingFromList_ThenAllItemsAreInCollection<i>": std::runtime_error: TODO
/home/mion/s/143/msieczko/Desktop/Liniowe/tests/LinkedListTests.cpp(186): last checkpoint
unknown location(0): fatal error in "GivenCollection_WhenInitializingFromList_ThenAllItemsAreInCollection<m>": std::runtime_error: TODO
/home/mion/s/143/msieczko/Desktop/Liniowe/tests/LinkedListTests.cpp(186): last checkpoint
unknown location(0): fatal error in "GivenCollection_WhenInitializingFromList_ThenAllItemsAreInCollection<St7complexIiE>": std::runtime_error: TODO
/home/mion/s/143/msieczko/Desktop/Liniowe/tests/LinkedListTests.cpp(186): last checkpoint
unknown location(0): fatal error in "GivenNonEmptyCollection_WhenCreatingCopy_ThenAllItemsAreCopied<i>": std::runtime_error: TODO
/home/mion/s/143/msieczko/Desktop/Liniowe/tests/LinkedListTests.cpp(186): last checkpoint
unknown location(0): fatal error in "GivenNonEmptyCollection_WhenCreatingCopy_ThenAllItemsAreCopied<m>": std::runtime_error: TODO
/home/mion/s/143/msieczko/Desktop/Liniowe/tests/LinkedListTests.cpp(186): last checkpoint
unknown location(0): fatal error in "GivenNonEmptyCollection_WhenCreatingCopy_ThenAllItemsAreCopied<St7complexIiE>": std::runtime_error: TODO
/home/mion/s/143/msieczko/Desktop/Liniowe/tests/LinkedListTests.cpp(186): last checkpoint
unknown location(0): fatal error in "GivenEmptyCollection_WhenCreatingCopy_ThenBothCollectionsAreEmpty<i>": std::runtime_error: TODO
/home/mion/s/143/msieczko/Desktop/Liniowe/tests/LinkedListTests.cpp(186): last checkpoint
unknown location(0): fatal error in "GivenEmptyCollection_WhenCreatingCopy_ThenBothCollectionsAreEmpty<m>": std::runtime_error: TODO
/home/mion/s/143/msieczko/Desktop/Liniowe/tests/LinkedListTests.cpp(186): last checkpoint
unknown location(0): fatal error in "GivenEmptyCollection_WhenCreatingCopy_ThenBothCollectionsAreEmpty<St7complexIiE>": std::runtime_error: TODO
/home/mion/s/143/msieczko/Desktop/Liniowe/tests/LinkedListTests.cpp(186): last checkpoint
unknown location(0): fatal error in "GivenNonEmptyCollection_WhenMovingToOther_ThenAllItemsAreMoved<i>": std::runtime_error: TODO
/home/mion/s/143/msieczko/Desktop/Liniowe/tests/LinkedListTests.cpp(186): last checkpoint
unknown location(0): fatal error in "GivenNonEmptyCollection_WhenMovingToOther_ThenAllItemsAreMoved<m>": std::runtime_error: TODO
/home/mion/s/143/msieczko/Desktop/Liniowe/tests/LinkedListTests.cpp(186): last checkpoint
unknown location(0): fatal error in "GivenNonEmptyCollection_WhenMovingToOther_ThenAllItemsAreMoved<St7complexIiE>": std::runtime_error: TODO
/home/mion/s/143/msieczko/Desktop/Liniowe/tests/LinkedListTests.cpp(186): last checkpoint
unknown location(0): fatal error in "GivenEmptyCollection_WhenMovingToOther_ThenBothCollectionsAreEmpty<i>": std::runtime_error: TODO
/home/mion/s/143/msieczko/Desktop/Liniowe/tests/LinkedListTests.cpp(186): last checkpoint
unknown location(0): fatal error in "GivenEmptyCollection_WhenMovingToOther_ThenBothCollectionsAreEmpty<m>": std::runtime_error: TODO
/home/mion/s/143/msieczko/Desktop/Liniowe/tests/LinkedListTests.cpp(186): last checkpoint
unknown location(0): fatal error in "GivenEmptyCollection_WhenMovingToOther_ThenBothCollectionsAreEmpty<St7complexIiE>": std::runtime_error: TODO
/home/mion/s/143/msieczko/Desktop/Liniowe/tests/LinkedListTests.cpp(186): last checkpoint
unknown location(0): fatal error in "GivenNonEmptyCollection_WhenAssigningToOther_ThenAllElementsAreCopied<i>": std::runtime_error: TODO
/home/mion/s/143/msieczko/Desktop/Liniowe/tests/LinkedListTests.cpp(186): last checkpoint
unknown location(0): fatal error in "GivenNonEmptyCollection_WhenAssigningToOther_ThenAllElementsAreCopied<m>": std::runtime_error: TODO
/home/mion/s/143/msieczko/Desktop/Liniowe/tests/LinkedListTests.cpp(186): last checkpoint
unknown location(0): fatal error in "GivenNonEmptyCollection_WhenAssigningToOther_ThenAllElementsAreCopied<St7complexIiE>": std::runtime_error: TODO
/home/mion/s/143/msieczko/Desktop/Liniowe/tests/LinkedListTests.cpp(186): last checkpoint
unknown location(0): fatal error in "GivenEmptyCollection_WhenAssigningToOther_ThenOtherCollectionIsEmpty<i>": std::runtime_error: TODO
/home/mion/s/143/msieczko/Desktop/Liniowe/tests/LinkedListTests.cpp(186): last checkpoint
unknown location(0): fatal error in "GivenEmptyCollection_WhenAssigningToOther_ThenOtherCollectionIsEmpty<m>": std::runtime_error: TODO
/home/mion/s/143/msieczko/Desktop/Liniowe/tests/LinkedListTests.cpp(186): last checkpoint
unknown location(0): fatal error in "GivenEmptyCollection_WhenAssigningToOther_ThenOtherCollectionIsEmpty<St7complexIiE>": std::runtime_error: TODO
/home/mion/s/143/msieczko/Desktop/Liniowe/tests/LinkedListTests.cpp(186): last checkpoint
unknown location(0): fatal error in "GivenNonEmptyCollection_WhenMoveAssigning_ThenAllElementsAreMoved<i>": std::runtime_error: TODO
/home/mion/s/143/msieczko/Desktop/Liniowe/tests/LinkedListTests.cpp(186): last checkpoint
unknown location(0): fatal error in "GivenNonEmptyCollection_WhenMoveAssigning_ThenAllElementsAreMoved<m>": std::runtime_error: TODO
/home/mion/s/143/msieczko/Desktop/Liniowe/tests/LinkedListTests.cpp(186): last checkpoint
unknown location(0): fatal error in "GivenNonEmptyCollection_WhenMoveAssigning_ThenAllElementsAreMoved<St7complexIiE>": std::runtime_error: TODO
/home/mion/s/143/msieczko/Desktop/Liniowe/tests/LinkedListTests.cpp(186): last checkpoint
unknown location(0): fatal error in "GivenEmptyCollection_WhenMoveAssigning_ThenBothCollectionAreEmpty<i>": std::runtime_error: TODO
/home/mion/s/143/msieczko/Desktop/Liniowe/tests/LinkedListTests.cpp(186): last checkpoint
unknown location(0): fatal error in "GivenEmptyCollection_WhenMoveAssigning_ThenBothCollectionAreEmpty<m>": std::runtime_error: TODO
/home/mion/s/143/msieczko/Desktop/Liniowe/tests/LinkedListTests.cpp(186): last checkpoint
unknown location(0): fatal error in "GivenEmptyCollection_WhenMoveAssigning_ThenBothCollectionAreEmpty<St7complexIiE>": std::runtime_error: TODO
/home/mion/s/143/msieczko/Desktop/Liniowe/tests/LinkedListTests.cpp(186): last checkpoint
unknown location(0): fatal error in "GivenCollection_WhenAppendingItem_ThenItemIsLast<i>": std::runtime_error: TODO
/home/mion/s/143/msieczko/Desktop/Liniowe/tests/LinkedListTests.cpp(186): last checkpoint
unknown location(0): fatal error in "GivenCollection_WhenAppendingItem_ThenItemIsLast<m>": std::runtime_error: TODO
/home/mion/s/143/msieczko/Desktop/Liniowe/tests/LinkedListTests.cpp(186): last checkpoint
unknown location(0): fatal error in "GivenCollection_WhenAppendingItem_ThenItemIsLast<St7complexIiE>": std::runtime_error: TODO
/home/mion/s/143/msieczko/Desktop/Liniowe/tests/LinkedListTests.cpp(186): last checkpoint
unknown location(0): fatal error in "GivenEmptyCollection_WhenPrependingItem_ThenItemIsAdded<i>": std::runtime_error: TODO
/home/mion/s/143/msieczko/Desktop/Liniowe/tests/LinkedListTests.cpp(186): last checkpoint
unknown location(0): fatal error in "GivenEmptyCollection_WhenPrependingItem_ThenItemIsAdded<m>": std::runtime_error: TODO
/home/mion/s/143/msieczko/Desktop/Liniowe/tests/LinkedListTests.cpp(186): last checkpoint
unknown location(0): fatal error in "GivenEmptyCollection_WhenPrependingItem_ThenItemIsAdded<St7complexIiE>": std::runtime_error: TODO
/home/mion/s/143/msieczko/Desktop/Liniowe/tests/LinkedListTests.cpp(186): last checkpoint
unknown location(0): fatal error in "GivenNonEmptyCollection_WhenPrependingItem_ThenItemIsFirst<i>": std::runtime_error: TODO
/home/mion/s/143/msieczko/Desktop/Liniowe/tests/LinkedListTests.cpp(186): last checkpoint
unknown location(0): fatal error in "GivenNonEmptyCollection_WhenPrependingItem_ThenItemIsFirst<m>": std::runtime_error: TODO
/home/mion/s/143/msieczko/Desktop/Liniowe/tests/LinkedListTests.cpp(186): last checkpoint
unknown location(0): fatal error in "GivenNonEmptyCollection_WhenPrependingItem_ThenItemIsFirst<St7complexIiE>": std::runtime_error: TODO
/home/mion/s/143/msieczko/Desktop/Liniowe/tests/LinkedListTests.cpp(186): last checkpoint
unknown location(0): fatal error in "GivenEmptyCollection_WhenGettingSize_ThenZeroIsReturned<i>": std::runtime_error: TODO
/home/mion/s/143/msieczko/Desktop/Liniowe/tests/LinkedListTests.cpp(391): last checkpoint
unknown location(0): fatal error in "GivenEmptyCollection_WhenGettingSize_ThenZeroIsReturned<m>": std::runtime_error: TODO
/home/mion/s/143/msieczko/Desktop/Liniowe/tests/LinkedListTests.cpp(391): last checkpoint
unknown location(0): fatal error in "GivenEmptyCollection_WhenGettingSize_ThenZeroIsReturned<St7complexIiE>": std::runtime_error: TODO
/home/mion/s/143/msieczko/Desktop/Liniowe/tests/LinkedListTests.cpp(391): last checkpoint
unknown location(0): fatal error in "GivenNonEmptyCollection_WhenGettingSize_ThenElementCountIsReturned<i>": std::runtime_error: TODO
/home/mion/s/143/msieczko/Desktop/Liniowe/tests/LinkedListTests.cpp(391): last checkpoint
unknown location(0): fatal error in "GivenNonEmptyCollection_WhenGettingSize_ThenElementCountIsReturned<m>": std::runtime_error: TODO
/home/mion/s/143/msieczko/Desktop/Liniowe/tests/LinkedListTests.cpp(391): last checkpoint
unknown location(0): fatal error in "GivenNonEmptyCollection_WhenGettingSize_ThenElementCountIsReturned<St7complexIiE>": std::runtime_error: TODO
/home/mion/s/143/msieczko/Desktop/Liniowe/tests/LinkedListTests.cpp(391): last checkpoint
unknown location(0): fatal error in "GivenCollection_WhenChangingIt_ThenItsSizeAlsoChanges<i>": std::runtime_error: TODO
/home/mion/s/143/msieczko/Desktop/Liniowe/tests/LinkedListTests.cpp(391): last checkpoint
unknown location(0): fatal error in "GivenCollection_WhenChangingIt_ThenItsSizeAlsoChanges<m>": std::runtime_error: TODO
/home/mion/s/143/msieczko/Desktop/Liniowe/tests/LinkedListTests.cpp(391): last checkpoint
unknown location(0): fatal error in "GivenCollection_WhenChangingIt_ThenItsSizeAlsoChanges<St7complexIiE>": std::runtime_error: TODO
/home/mion/s/143/msieczko/Desktop/Liniowe/tests/LinkedListTests.cpp(391): last checkpoint
unknown location(0): fatal error in "GivenNonEmptyCollection_WhenPrependingItem_ThenSizeIsUpdated<i>": std::runtime_error: TODO
/home/mion/s/143/msieczko/Desktop/Liniowe/tests/LinkedListTests.cpp(391): last checkpoint
unknown location(0): fatal error in "GivenNonEmptyCollection_WhenPrependingItem_ThenSizeIsUpdated<m>": std::runtime_error: TODO
/home/mion/s/143/msieczko/Desktop/Liniowe/tests/LinkedListTests.cpp(391): last checkpoint
unknown location(0): fatal error in "GivenNonEmptyCollection_WhenPrependingItem_ThenSizeIsUpdated<St7complexIiE>": std::runtime_error: TODO
/home/mion/s/143/msieczko/Desktop/Liniowe/tests/LinkedListTests.cpp(391): last checkpoint
unknown location(0): fatal error in "GivenEmptyCollection_WhenInsertingItem_ThenItemIsAdded<i>": std::runtime_error: TODO
/home/mion/s/143/msieczko/Desktop/Liniowe/tests/LinkedListTests.cpp(391): last checkpoint
unknown location(0): fatal error in "GivenEmptyCollection_WhenInsertingItem_ThenItemIsAdded<m>": std::runtime_error: TODO
/home/mion/s/143/msieczko/Desktop/Liniowe/tests/LinkedListTests.cpp(391): last checkpoint
unknown location(0): fatal error in "GivenEmptyCollection_WhenInsertingItem_ThenItemIsAdded<St7complexIiE>": std::runtime_error: TODO
/home/mion/s/143/msieczko/Desktop/Liniowe/tests/LinkedListTests.cpp(391): last checkpoint
unknown location(0): fatal error in "GivenNonEmptyCollection_WhenInsertingAtBegin_ThenItemIsPrepended<i>": std::runtime_error: TODO
/home/mion/s/143/msieczko/Desktop/Liniowe/tests/LinkedListTests.cpp(391): last checkpoint
unknown location(0): fatal error in "GivenNonEmptyCollection_WhenInsertingAtBegin_ThenItemIsPrepended<m>": std::runtime_error: TODO
/home/mion/s/143/msieczko/Desktop/Liniowe/tests/LinkedListTests.cpp(391): last checkpoint
unknown location(0): fatal error in "GivenNonEmptyCollection_WhenInsertingAtBegin_ThenItemIsPrepended<St7complexIiE>": std::runtime_error: TODO
/home/mion/s/143/msieczko/Desktop/Liniowe/tests/LinkedListTests.cpp(391): last checkpoint
unknown location(0): fatal error in "GivenNonEmptyCollection_WhenInsertingAtEnd_ThenItemIsAppended<i>": std::runtime_error: TODO
/home/mion/s/143/msieczko/Desktop/Liniowe/tests/LinkedListTests.cpp(391): last checkpoint
unknown location(0): fatal error in "GivenNonEmptyCollection_WhenInsertingAtEnd_ThenItemIsAppended<m>": std::runtime_error: TODO
/home/mion/s/143/msieczko/Desktop/Liniowe/tests/LinkedListTests.cpp(391): last checkpoint
unknown location(0): fatal error in "GivenNonEmptyCollection_WhenInsertingAtEnd_ThenItemIsAppended<St7complexIiE>": std::runtime_error: TODO
/home/mion/s/143/msieczko/Desktop/Liniowe/tests/LinkedListTests.cpp(391): last checkpoint
unknown location(0): fatal error in "GivenNonEmptyCollection_WhenInsertingInMiddle_ThenItemInserted<i>": std::runtime_error: TODO
/home/mion/s/143/msieczko/Desktop/Liniowe/tests/LinkedListTests.cpp(391): last checkpoint
unknown location(0): fatal error in "GivenNonEmptyCollection_WhenInsertingInMiddle_ThenItemInserted<m>": std::runtime_error: TODO
/home/mion/s/143/msieczko/Desktop/Liniowe/tests/LinkedListTests.cpp(391): last checkpoint
unknown location(0): fatal error in "GivenNonEmptyCollection_WhenInsertingInMiddle_ThenItemInserted<St7complexIiE>": std::runtime_error: TODO
/home/mion/s/143/msieczko/Desktop/Liniowe/tests/LinkedListTests.cpp(391): last checkpoint
unknown location(0): fatal error in "GivenNonEmptyCollection_WhenInserting_ThenSizeIsUpdated<i>": std::runtime_error: TODO
/home/mion/s/143/msieczko/Desktop/Liniowe/tests/LinkedListTests.cpp(391): last checkpoint
unknown location(0): fatal error in "GivenNonEmptyCollection_WhenInserting_ThenSizeIsUpdated<m>": std::runtime_error: TODO
/home/mion/s/143/msieczko/Desktop/Liniowe/tests/LinkedListTests.cpp(391): last checkpoint
unknown location(0): fatal error in "GivenNonEmptyCollection_WhenInserting_ThenSizeIsUpdated<St7complexIiE>": std::runtime_error: TODO
/home/mion/s/143/msieczko/Desktop/Liniowe/tests/LinkedListTests.cpp(391): last checkpoint
unknown location(0): fatal error in "GivenEmptyCollection_WhenPoppingFirst_ThenOperationThrows<i>": std::runtime_error: TODO
/home/mion/s/143/msieczko/Desktop/Liniowe/tests/LinkedListTests.cpp(484): last checkpoint
unknown location(0): fatal error in "GivenEmptyCollection_WhenPoppingFirst_ThenOperationThrows<m>": std::runtime_error: TODO
/home/mion/s/143/msieczko/Desktop/Liniowe/tests/LinkedListTests.cpp(484): last checkpoint
unknown location(0): fatal error in "GivenEmptyCollection_WhenPoppingFirst_ThenOperationThrows<St7complexIiE>": std::runtime_error: TODO
/home/mion/s/143/msieczko/Desktop/Liniowe/tests/LinkedListTests.cpp(484): last checkpoint
unknown location(0): fatal error in "GivenEmptyCollection_WhenPoppingLast_ThenOperationThrows<i>": std::runtime_error: TODO
/home/mion/s/143/msieczko/Desktop/Liniowe/tests/LinkedListTests.cpp(493): last checkpoint
unknown location(0): fatal error in "GivenEmptyCollection_WhenPoppingLast_ThenOperationThrows<m>": std::runtime_error: TODO
/home/mion/s/143/msieczko/Desktop/Liniowe/tests/LinkedListTests.cpp(493): last checkpoint
unknown location(0): fatal error in "GivenEmptyCollection_WhenPoppingLast_ThenOperationThrows<St7complexIiE>": std::runtime_error: TODO
/home/mion/s/143/msieczko/Desktop/Liniowe/tests/LinkedListTests.cpp(493): last checkpoint
unknown location(0): fatal error in "GivenCollectionWithSingleItem_WhenPoppingFirst_ThenCollectionIsEmpty<i>": std::runtime_error: TODO
/home/mion/s/143/msieczko/Desktop/Liniowe/tests/LinkedListTests.cpp(493): last checkpoint
unknown location(0): fatal error in "GivenCollectionWithSingleItem_WhenPoppingFirst_ThenCollectionIsEmpty<m>": std::runtime_error: TODO
/home/mion/s/143/msieczko/Desktop/Liniowe/tests/LinkedListTests.cpp(493): last checkpoint
unknown location(0): fatal error in "GivenCollectionWithSingleItem_WhenPoppingFirst_ThenCollectionIsEmpty<St7complexIiE>": std::runtime_error: TODO
/home/mion/s/143/msieczko/Desktop/Liniowe/tests/LinkedListTests.cpp(493): last checkpoint
unknown location(0): fatal error in "GivenCollectionWithSingleItem_WhenPoppingLast_ThenCollectionIsEmpty<i>": std::runtime_error: TODO
/home/mion/s/143/msieczko/Desktop/Liniowe/tests/LinkedListTests.cpp(493): last checkpoint
unknown location(0): fatal error in "GivenCollectionWithSingleItem_WhenPoppingLast_ThenCollectionIsEmpty<m>": std::runtime_error: TODO
/home/mion/s/143/msieczko/Desktop/Liniowe/tests/LinkedListTests.cpp(493): last checkpoint
unknown location(0): fatal error in "GivenCollectionWithSingleItem_WhenPoppingLast_ThenCollectionIsEmpty<St7complexIiE>": std::runtime_error: TODO
/home/mion/s/143/msieczko/Desktop/Liniowe/tests/LinkedListTests.cpp(493): last checkpoint
unknown location(0): fatal error in "GivenNonEmptyCollection_WhenPoppingFirst_ThenCollectionSizeIsReduced<i>": std::runtime_error: TODO
/home/mion/s/143/msieczko/Desktop/Liniowe/tests/LinkedListTests.cpp(493): last checkpoint
unknown location(0): fatal error in "GivenNonEmptyCollection_WhenPoppingFirst_ThenCollectionSizeIsReduced<m>": std::runtime_error: TODO
/home/mion/s/143/msieczko/Desktop/Liniowe/tests/LinkedListTests.cpp(493): last checkpoint
unknown location(0): fatal error in "GivenNonEmptyCollection_WhenPoppingFirst_ThenCollectionSizeIsReduced<St7complexIiE>": std::runtime_error: TODO
/home/mion/s/143/msieczko/Desktop/Liniowe/tests/LinkedListTests.cpp(493): last checkpoint
unknown location(0): fatal error in "GivenNonEmptyCollection_WhenPoppingLast_ThenCollectionSizeIsReduced<i>": std::runtime_error: TODO
/home/mion/s/143/msieczko/Desktop/Liniowe/tests/LinkedListTests.cpp(493): last checkpoint
unknown location(0): fatal error in "GivenNonEmptyCollection_WhenPoppingLast_ThenCollectionSizeIsReduced<m>": std::runtime_error: TODO
/home/mion/s/143/msieczko/Desktop/Liniowe/tests/LinkedListTests.cpp(493): last checkpoint
unknown location(0): fatal error in "GivenNonEmptyCollection_WhenPoppingLast_ThenCollectionSizeIsReduced<St7complexIiE>": std::runtime_error: TODO
/home/mion/s/143/msieczko/Desktop/Liniowe/tests/LinkedListTests.cpp(493): last checkpoint
unknown location(0): fatal error in "GivenNonEmptyCollection_WhenPoppingFirst_ThenItemIsRemoved<i>": std::runtime_error: TODO
/home/mion/s/143/msieczko/Desktop/Liniowe/tests/LinkedListTests.cpp(493): last checkpoint
unknown location(0): fatal error in "GivenNonEmptyCollection_WhenPoppingFirst_ThenItemIsRemoved<m>": std::runtime_error: TODO
/home/mion/s/143/msieczko/Desktop/Liniowe/tests/LinkedListTests.cpp(493): last checkpoint
unknown location(0): fatal error in "GivenNonEmptyCollection_WhenPoppingFirst_ThenItemIsRemoved<St7complexIiE>": std::runtime_error: TODO
/home/mion/s/143/msieczko/Desktop/Liniowe/tests/LinkedListTests.cpp(493): last checkpoint
unknown location(0): fatal error in "GivenNonEmptyCollection_WhenPoppingLast_ThenItemIsRemoved<i>": std::runtime_error: TODO
/home/mion/s/143/msieczko/Desktop/Liniowe/tests/LinkedListTests.cpp(493): last checkpoint
unknown location(0): fatal error in "GivenNonEmptyCollection_WhenPoppingLast_ThenItemIsRemoved<m>": std::runtime_error: TODO
/home/mion/s/143/msieczko/Desktop/Liniowe/tests/LinkedListTests.cpp(493): last checkpoint
unknown location(0): fatal error in "GivenNonEmptyCollection_WhenPoppingLast_ThenItemIsRemoved<St7complexIiE>": std::runtime_error: TODO
/home/mion/s/143/msieczko/Desktop/Liniowe/tests/LinkedListTests.cpp(493): last checkpoint
unknown location(0): fatal error in "GivenNonEmptyCollection_WhenPoppingFirst_ThenItemsIsReturned<i>": std::runtime_error: TODO
/home/mion/s/143/msieczko/Desktop/Liniowe/tests/LinkedListTests.cpp(493): last checkpoint
unknown location(0): fatal error in "GivenNonEmptyCollection_WhenPoppingFirst_ThenItemsIsReturned<m>": std::runtime_error: TODO
/home/mion/s/143/msieczko/Desktop/Liniowe/tests/LinkedListTests.cpp(493): last checkpoint
unknown location(0): fatal error in "GivenNonEmptyCollection_WhenPoppingFirst_ThenItemsIsReturned<St7complexIiE>": std::runtime_error: TODO
/home/mion/s/143/msieczko/Desktop/Liniowe/tests/LinkedListTests.cpp(493): last checkpoint
unknown location(0): fatal error in "GivenNonEmptyCollection_WhenPoppingLast_ThenItemsIsReturned<i>": std::runtime_error: TODO
/home/mion/s/143/msieczko/Desktop/Liniowe/tests/LinkedListTests.cpp(493): last checkpoint
unknown location(0): fatal error in "GivenNonEmptyCollection_WhenPoppingLast_ThenItemsIsReturned<m>": std::runtime_error: TODO
/home/mion/s/143/msieczko/Desktop/Liniowe/tests/LinkedListTests.cpp(493): last checkpoint
unknown location(0): fatal error in "GivenNonEmptyCollection_WhenPoppingLast_ThenItemsIsReturned<St7complexIiE>": std::runtime_error: TODO
/home/mion/s/143/msieczko/Desktop/Liniowe/tests/LinkedListTests.cpp(493): last checkpoint
unknown location(0): fatal error in "GivenEmptyCollection_WhenErasing_ThenOperationThrows<i>": std::runtime_error: TODO
/home/mion/s/143/msieczko/Desktop/Liniowe/tests/LinkedListTests.cpp(586): last checkpoint
unknown location(0): fatal error in "GivenEmptyCollection_WhenErasing_ThenOperationThrows<m>": std::runtime_error: TODO
/home/mion/s/143/msieczko/Desktop/Liniowe/tests/LinkedListTests.cpp(586): last checkpoint
unknown location(0): fatal error in "GivenEmptyCollection_WhenErasing_ThenOperationThrows<St7complexIiE>": std::runtime_error: TODO
/home/mion/s/143/msieczko/Desktop/Liniowe/tests/LinkedListTests.cpp(586): last checkpoint
unknown location(0): fatal error in "GivenNonEmptyCollection_WhenErasingEnd_ThenOperationThrows<i>": std::runtime_error: TODO
/home/mion/s/143/msieczko/Desktop/Liniowe/tests/LinkedListTests.cpp(586): last checkpoint
unknown location(0): fatal error in "GivenNonEmptyCollection_WhenErasingEnd_ThenOperationThrows<m>": std::runtime_error: TODO
/home/mion/s/143/msieczko/Desktop/Liniowe/tests/LinkedListTests.cpp(586): last checkpoint
unknown location(0): fatal error in "GivenNonEmptyCollection_WhenErasingEnd_ThenOperationThrows<St7complexIiE>": std::runtime_error: TODO
/home/mion/s/143/msieczko/Desktop/Liniowe/tests/LinkedListTests.cpp(586): last checkpoint
unknown location(0): fatal error in "GivenNonEmptyCollection_WhenErasingBegin_ThenItemIsRemoved<i>": std::runtime_error: TODO
/home/mion/s/143/msieczko/Desktop/Liniowe/tests/LinkedListTests.cpp(586): last checkpoint
unknown location(0): fatal error in "GivenNonEmptyCollection_WhenErasingBegin_ThenItemIsRemoved<m>": std::runtime_error: TODO
/home/mion/s/143/msieczko/Desktop/Liniowe/tests/LinkedListTests.cpp(586): last checkpoint
unknown location(0): fatal error in "GivenNonEmptyCollection_WhenErasingBegin_ThenItemIsRemoved<St7complexIiE>": std::runtime_error: TODO
/home/mion/s/143/msieczko/Desktop/Liniowe/tests/LinkedListTests.cpp(586): last checkpoint
unknown location(0): fatal error in "GivenNonEmptyCollection_WhenErasingLastItem_ThemItemIsRemoved<i>": std::runtime_error: TODO
/home/mion/s/143/msieczko/Desktop/Liniowe/tests/LinkedListTests.cpp(586): last checkpoint
unknown location(0): fatal error in "GivenNonEmptyCollection_WhenErasingLastItem_ThemItemIsRemoved<m>": std::runtime_error: TODO
/home/mion/s/143/msieczko/Desktop/Liniowe/tests/LinkedListTests.cpp(586): last checkpoint
unknown location(0): fatal error in "GivenNonEmptyCollection_WhenErasingLastItem_ThemItemIsRemoved<St7complexIiE>": std::runtime_error: TODO
/home/mion/s/143/msieczko/Desktop/Liniowe/tests/LinkedListTests.cpp(586): last checkpoint
unknown location(0): fatal error in "GivenNonEmptyCollection_WhenErasingMiddleItem_ThenItemIsRemoved<i>": std::runtime_error: TODO
/home/mion/s/143/msieczko/Desktop/Liniowe/tests/LinkedListTests.cpp(586): last checkpoint
unknown location(0): fatal error in "GivenNonEmptyCollection_WhenErasingMiddleItem_ThenItemIsRemoved<m>": std::runtime_error: TODO
/home/mion/s/143/msieczko/Desktop/Liniowe/tests/LinkedListTests.cpp(586): last checkpoint
unknown location(0): fatal error in "GivenNonEmptyCollection_WhenErasingMiddleItem_ThenItemIsRemoved<St7complexIiE>": std::runtime_error: TODO
/home/mion/s/143/msieczko/Desktop/Liniowe/tests/LinkedListTests.cpp(586): last checkpoint
unknown location(0): fatal error in "GivenNonEmptyCollection_WhenErasing_ThenSizeIsReduced<i>": std::runtime_error: TODO
/home/mion/s/143/msieczko/Desktop/Liniowe/tests/LinkedListTests.cpp(586): last checkpoint
unknown location(0): fatal error in "GivenNonEmptyCollection_WhenErasing_ThenSizeIsReduced<m>": std::runtime_error: TODO
/home/mion/s/143/msieczko/Desktop/Liniowe/tests/LinkedListTests.cpp(586): last checkpoint
unknown location(0): fatal error in "GivenNonEmptyCollection_WhenErasing_ThenSizeIsReduced<St7complexIiE>": std::runtime_error: TODO
/home/mion/s/143/msieczko/Desktop/Liniowe/tests/LinkedListTests.cpp(586): last checkpoint
unknown location(0): fatal error in "GivenCollectionWithSingleItem_WhenErasing_ThenCollectionIsEmpty<i>": std::runtime_error: TODO
/home/mion/s/143/msieczko/Desktop/Liniowe/tests/LinkedListTests.cpp(586): last checkpoint
unknown location(0): fatal error in "GivenCollectionWithSingleItem_WhenErasing_ThenCollectionIsEmpty<m>": std::runtime_error: TODO
/home/mion/s/143/msieczko/Desktop/Liniowe/tests/LinkedListTests.cpp(586): last checkpoint
unknown location(0): fatal error in "GivenCollectionWithSingleItem_WhenErasing_ThenCollectionIsEmpty<St7complexIiE>": std::runtime_error: TODO
/home/mion/s/143/msieczko/Desktop/Liniowe/tests/LinkedListTests.cpp(586): last checkpoint
unknown location(0): fatal error in "GivenNonEmptyCollection_WhenErasingEmptyRange_ThenNothingHappens<i>": std::runtime_error: TODO
/home/mion/s/143/msieczko/Desktop/Liniowe/tests/LinkedListTests.cpp(586): last checkpoint
unknown location(0): fatal error in "GivenNonEmptyCollection_WhenErasingEmptyRange_ThenNothingHappens<m>": std::runtime_error: TODO
/home/mion/s/143/msieczko/Desktop/Liniowe/tests/LinkedListTests.cpp(586): last checkpoint
unknown location(0): fatal error in "GivenNonEmptyCollection_WhenErasingEmptyRange_ThenNothingHappens<St7complexIiE>": std::runtime_error: TODO
/home/mion/s/143/msieczko/Desktop/Liniowe/tests/LinkedListTests.cpp(586): last checkpoint
unknown location(0): fatal error in "GivenNonEmptyCollection_WhenErasingRangeFromBegin_ThenItemsAreRemoved<i>": std::runtime_error: TODO
/home/mion/s/143/msieczko/Desktop/Liniowe/tests/LinkedListTests.cpp(586): last checkpoint
unknown location(0): fatal error in "GivenNonEmptyCollection_WhenErasingRangeFromBegin_ThenItemsAreRemoved<m>": std::runtime_error: TODO
/home/mion/s/143/msieczko/Desktop/Liniowe/tests/LinkedListTests.cpp(586): last checkpoint
unknown location(0): fatal error in "GivenNonEmptyCollection_WhenErasingRangeFromBegin_ThenItemsAreRemoved<St7complexIiE>": std::runtime_error: TODO
/home/mion/s/143/msieczko/Desktop/Liniowe/tests/LinkedListTests.cpp(586): last checkpoint
unknown location(0): fatal error in "GivenNonEmptyCollection_whenErasingRangeToEnd_ThenItemsAreRemoved<i>": std::runtime_error: TODO
/home/mion/s/143/msieczko/Desktop/Liniowe/tests/LinkedListTests.cpp(586): last checkpoint
unknown location(0): fatal error in "GivenNonEmptyCollection_whenErasingRangeToEnd_ThenItemsAreRemoved<m>": std::runtime_error: TODO
/home/mion/s/143/msieczko/Desktop/Liniowe/tests/LinkedListTests.cpp(586): last checkpoint
unknown location(0): fatal error in "GivenNonEmptyCollection_whenErasingRangeToEnd_ThenItemsAreRemoved<St7complexIiE>": std::runtime_error: TODO
/home/mion/s/143/msieczko/Desktop/Liniowe/tests/LinkedListTests.cpp(586): last checkpoint
unknown location(0): fatal error in "GivenNonEmptyCollection_WhenErasingSingleItemRange_ThenItemIsRemoved<i>": std::runtime_error: TODO
/home/mion/s/143/msieczko/Desktop/Liniowe/tests/LinkedListTests.cpp(586): last checkpoint
unknown location(0): fatal error in "GivenNonEmptyCollection_WhenErasingSingleItemRange_ThenItemIsRemoved<m>": std::runtime_error: TODO
/home/mion/s/143/msieczko/Desktop/Liniowe/tests/LinkedListTests.cpp(586): last checkpoint
unknown location(0): fatal error in "GivenNonEmptyCollection_WhenErasingSingleItemRange_ThenItemIsRemoved<St7complexIiE>": std::runtime_error: TODO
/home/mion/s/143/msieczko/Desktop/Liniowe/tests/LinkedListTests.cpp(586): last checkpoint
unknown location(0): fatal error in "GivenNonEmptyCollection_WhenErasingWholeRange_ThenCollectinIsEmpty<i>": std::runtime_error: TODO
/home/mion/s/143/msieczko/Desktop/Liniowe/tests/LinkedListTests.cpp(586): last checkpoint
unknown location(0): fatal error in "GivenNonEmptyCollection_WhenErasingWholeRange_ThenCollectinIsEmpty<m>": std::runtime_error: TODO
/home/mion/s/143/msieczko/Desktop/Liniowe/tests/LinkedListTests.cpp(586): last checkpoint
unknown location(0): fatal error in "GivenNonEmptyCollection_WhenErasingWholeRange_ThenCollectinIsEmpty<St7complexIiE>": std::runtime_error: TODO
/home/mion/s/143/msieczko/Desktop/Liniowe/tests/LinkedListTests.cpp(586): last checkpoint
unknown location(0): fatal error in "GivenNonEmptyCollection_WhenErasingRange_ThenSizeIsUpdated<i>": std::runtime_error: TODO
/home/mion/s/143/msieczko/Desktop/Liniowe/tests/LinkedListTests.cpp(586): last checkpoint
unknown location(0): fatal error in "GivenNonEmptyCollection_WhenErasingRange_ThenSizeIsUpdated<m>": std::runtime_error: TODO
/home/mion/s/143/msieczko/Desktop/Liniowe/tests/LinkedListTests.cpp(586): last checkpoint
unknown location(0): fatal error in "GivenNonEmptyCollection_WhenErasingRange_ThenSizeIsUpdated<St7complexIiE>": std::runtime_error: TODO
/home/mion/s/143/msieczko/Desktop/Liniowe/tests/LinkedListTests.cpp(586): last checkpoint

*** 372 failures detected in test suite "aisdi_linear_tests"
<end of output>
Test time =   0.11 sec
----------------------------------------------------------
Test Failed.
"boostUnitTestsRun" end time: Nov 04 11:00 CET
"boostUnitTestsRun" time elapsed: 00:00:00
----------------------------------------------------------

End testing: Nov 04 11:00 CET
